0 verbose cli C:\Program Files\nodejs\node.exe C:\Program Files\nodejs\node_modules\npm\bin\npm-cli.js
1 info using npm@10.9.0
2 info using node@v22.11.0
3 silly config load:file:C:\Program Files\nodejs\node_modules\npm\npmrc
4 silly config load:file:C:\Users\3d3n2\pentagram\.npmrc
5 silly config load:file:C:\Users\3d3n2\.npmrc
6 silly config load:file:C:\Users\3d3n2\AppData\Roaming\npm\etc\npmrc
7 verbose title npm install tailwindcss
8 verbose argv "install" "tailwindcss"
9 verbose logfile logs-max:10 dir:C:\Users\3d3n2\pentagram\Users\3d3n2\AppData\Roaming\npm-cache\_logs\2024-12-29T19_52_26_686Z-
10 verbose logfile C:\Users\3d3n2\pentagram\Users\3d3n2\AppData\Roaming\npm-cache\_logs\2024-12-29T19_52_26_686Z-debug-0.log
11 silly logfile done cleaning log files
12 silly packumentCache heap:2197815296 maxSize:549453824 maxEntrySize:274726912
13 silly idealTree buildDeps
14 silly fetch manifest tailwindcss@*
15 silly packumentCache full:https://registry.npmjs.org/tailwindcss cache-miss
16 http fetch GET 200 https://registry.npmjs.org/tailwindcss 375ms (cache updated)
17 silly packumentCache full:https://registry.npmjs.org/tailwindcss set size:undefined disposed:false
18 silly placeDep ROOT tailwindcss@3.4.17 OK for: pentagram@0.1.0 want: *
19 silly fetch manifest @alloc/quick-lru@^5.2.0
20 silly packumentCache full:https://registry.npmjs.org/@alloc%2fquick-lru cache-miss
21 silly fetch manifest arg@^5.0.2
22 silly packumentCache full:https://registry.npmjs.org/arg cache-miss
23 silly fetch manifest chokidar@^3.6.0
24 silly packumentCache full:https://registry.npmjs.org/chokidar cache-miss
25 silly fetch manifest didyoumean@^1.2.2
26 silly packumentCache full:https://registry.npmjs.org/didyoumean cache-miss
27 silly fetch manifest dlv@^1.1.3
28 silly packumentCache full:https://registry.npmjs.org/dlv cache-miss
29 silly fetch manifest fast-glob@^3.3.2
30 silly packumentCache full:https://registry.npmjs.org/fast-glob cache-miss
31 silly fetch manifest lilconfig@^3.1.3
32 silly packumentCache full:https://registry.npmjs.org/lilconfig cache-miss
33 http fetch GET 200 https://registry.npmjs.org/@alloc%2fquick-lru 113ms (cache miss)
34 silly packumentCache full:https://registry.npmjs.org/@alloc%2fquick-lru set size:undefined disposed:false
35 silly fetch manifest normalize-path@^3.0.0
36 silly packumentCache full:https://registry.npmjs.org/normalize-path cache-miss
37 http fetch GET 200 https://registry.npmjs.org/didyoumean 149ms (cache miss)
38 silly packumentCache full:https://registry.npmjs.org/didyoumean set size:undefined disposed:false
39 silly fetch manifest object-hash@^3.0.0
40 silly packumentCache full:https://registry.npmjs.org/object-hash cache-miss
41 http fetch GET 200 https://registry.npmjs.org/lilconfig 165ms (cache miss)
42 silly packumentCache full:https://registry.npmjs.org/lilconfig set size:undefined disposed:false
43 silly fetch manifest postcss-import@^15.1.0
44 silly packumentCache full:https://registry.npmjs.org/postcss-import cache-miss
45 http fetch GET 200 https://registry.npmjs.org/normalize-path 79ms (cache miss)
46 silly packumentCache full:https://registry.npmjs.org/normalize-path set size:undefined disposed:false
47 silly fetch manifest postcss-load-config@^4.0.2
48 silly packumentCache full:https://registry.npmjs.org/postcss-load-config cache-miss
49 http fetch GET 200 https://registry.npmjs.org/fast-glob 206ms (cache updated)
50 silly packumentCache full:https://registry.npmjs.org/fast-glob set size:undefined disposed:false
51 silly fetch manifest postcss-nested@^6.2.0
52 silly packumentCache full:https://registry.npmjs.org/postcss-nested cache-miss
53 http fetch GET 200 https://registry.npmjs.org/dlv 210ms (cache miss)
54 silly packumentCache full:https://registry.npmjs.org/dlv set size:undefined disposed:false
55 silly fetch manifest postcss-selector-parser@^6.1.2
56 silly packumentCache full:https://registry.npmjs.org/postcss-selector-parser cache-miss
57 http fetch GET 200 https://registry.npmjs.org/arg 213ms (cache updated)
58 silly packumentCache full:https://registry.npmjs.org/arg set size:undefined disposed:false
59 silly fetch manifest sucrase@^3.35.0
60 silly packumentCache full:https://registry.npmjs.org/sucrase cache-miss
61 http fetch GET 200 https://registry.npmjs.org/chokidar 218ms (cache updated)
62 silly packumentCache full:https://registry.npmjs.org/chokidar set size:undefined disposed:false
63 http fetch GET 200 https://registry.npmjs.org/object-hash 75ms (cache miss)
64 silly packumentCache full:https://registry.npmjs.org/object-hash set size:undefined disposed:false
65 http fetch GET 200 https://registry.npmjs.org/postcss-load-config 52ms (cache miss)
66 silly packumentCache full:https://registry.npmjs.org/postcss-load-config set size:undefined disposed:false
67 http fetch GET 200 https://registry.npmjs.org/postcss-selector-parser 62ms (cache miss)
68 silly packumentCache full:https://registry.npmjs.org/postcss-selector-parser set size:undefined disposed:false
69 http fetch GET 200 https://registry.npmjs.org/postcss-import 108ms (cache miss)
70 silly packumentCache full:https://registry.npmjs.org/postcss-import set size:undefined disposed:false
71 http fetch GET 200 https://registry.npmjs.org/postcss-nested 75ms (cache miss)
72 silly packumentCache full:https://registry.npmjs.org/postcss-nested set size:undefined disposed:false
73 http fetch GET 200 https://registry.npmjs.org/sucrase 80ms (cache miss)
74 silly packumentCache full:https://registry.npmjs.org/sucrase set size:undefined disposed:false
75 silly fetch manifest postcss@^8.4.47
76 silly packumentCache full:https://registry.npmjs.org/postcss cache-miss
77 http fetch GET 200 https://registry.npmjs.org/postcss 75ms (cache miss)
78 silly packumentCache full:https://registry.npmjs.org/postcss set size:undefined disposed:false
79 silly fetch manifest ts-node@>=9.0.0
80 silly packumentCache full:https://registry.npmjs.org/ts-node cache-miss
81 http fetch GET 200 https://registry.npmjs.org/ts-node 58ms (cache updated)
82 silly packumentCache full:https://registry.npmjs.org/ts-node set size:undefined disposed:false
83 silly fetch manifest @swc/core@>=1.2.50
84 silly packumentCache full:https://registry.npmjs.org/@swc%2fcore cache-miss
85 http fetch GET 200 https://registry.npmjs.org/@swc%2fcore 144ms (cache updated)
86 silly packumentCache full:https://registry.npmjs.org/@swc%2fcore set size:undefined disposed:false
87 silly fetch manifest @swc/helpers@*
88 silly packumentCache full:https://registry.npmjs.org/@swc%2fhelpers cache-miss
89 http fetch GET 200 https://registry.npmjs.org/@swc%2fhelpers 63ms (cache updated)
90 silly packumentCache full:https://registry.npmjs.org/@swc%2fhelpers set size:undefined disposed:false
91 silly fetch manifest @swc/wasm@>=1.2.50
92 silly packumentCache full:https://registry.npmjs.org/@swc%2fwasm cache-miss
93 http fetch GET 200 https://registry.npmjs.org/@swc%2fwasm 131ms (cache updated)
94 silly packumentCache full:https://registry.npmjs.org/@swc%2fwasm set size:undefined disposed:false
95 silly fetch manifest @types/node@*
96 silly packumentCache full:https://registry.npmjs.org/@types%2fnode cache-miss
97 http fetch GET 200 https://registry.npmjs.org/@types%2fnode 189ms (cache updated)
98 silly packumentCache full:https://registry.npmjs.org/@types%2fnode set size:undefined disposed:false
99 silly fetch manifest typescript@>=2.7
100 silly packumentCache full:https://registry.npmjs.org/typescript cache-miss
101 http fetch GET 200 https://registry.npmjs.org/typescript 257ms (cache updated)
102 silly packumentCache full:https://registry.npmjs.org/typescript set size:undefined disposed:false
103 silly placeDep ROOT @alloc/quick-lru@5.2.0 OK for: tailwindcss@3.4.17 want: ^5.2.0
104 silly placeDep ROOT arg@5.0.2 OK for: tailwindcss@3.4.17 want: ^5.0.2
105 silly placeDep ROOT chokidar@3.6.0 OK for: tailwindcss@3.4.17 want: ^3.6.0
106 silly placeDep ROOT didyoumean@1.2.2 OK for: tailwindcss@3.4.17 want: ^1.2.2
107 silly placeDep ROOT dlv@1.1.3 OK for: tailwindcss@3.4.17 want: ^1.1.3
108 silly placeDep node_modules/tailwindcss fast-glob@3.3.2 OK for: tailwindcss@3.4.17 want: ^3.3.2
109 silly placeDep ROOT lilconfig@3.1.3 OK for: tailwindcss@3.4.17 want: ^3.1.3
110 silly placeDep ROOT normalize-path@3.0.0 OK for: tailwindcss@3.4.17 want: ^3.0.0
111 silly placeDep ROOT object-hash@3.0.0 OK for: tailwindcss@3.4.17 want: ^3.0.0
112 silly placeDep ROOT postcss-import@15.1.0 OK for: tailwindcss@3.4.17 want: ^15.1.0
113 silly placeDep ROOT postcss-load-config@4.0.2 OK for: tailwindcss@3.4.17 want: ^4.0.2
114 silly placeDep ROOT postcss-nested@6.2.0 OK for: tailwindcss@3.4.17 want: ^6.2.0
115 silly placeDep ROOT postcss-selector-parser@6.1.2 OK for: tailwindcss@3.4.17 want: ^6.1.2
116 silly placeDep ROOT sucrase@3.35.0 OK for: tailwindcss@3.4.17 want: ^3.35.0
117 silly fetch manifest anymatch@~3.1.2
118 silly packumentCache full:https://registry.npmjs.org/anymatch cache-miss
119 silly fetch manifest readdirp@~3.6.0
120 silly packumentCache full:https://registry.npmjs.org/readdirp cache-miss
121 silly fetch manifest glob-parent@~5.1.2
122 silly packumentCache full:https://registry.npmjs.org/glob-parent cache-miss
123 silly fetch manifest is-binary-path@~2.1.0
124 silly packumentCache full:https://registry.npmjs.org/is-binary-path cache-miss
125 silly fetch manifest normalize-path@~3.0.0
126 silly packumentCache full:https://registry.npmjs.org/normalize-path cache-miss
127 silly fetch manifest fsevents@~2.3.2
128 silly packumentCache full:https://registry.npmjs.org/fsevents cache-miss
129 silly fetch manifest glob-parent@^5.1.2
130 silly packumentCache full:https://registry.npmjs.org/glob-parent cache-miss
131 http fetch GET 200 https://registry.npmjs.org/normalize-path 12ms (cache hit)
132 silly packumentCache full:https://registry.npmjs.org/normalize-path set size:28713 disposed:false
133 silly fetch manifest postcss-value-parser@^4.0.0
134 silly packumentCache full:https://registry.npmjs.org/postcss-value-parser cache-miss
135 http fetch GET 200 https://registry.npmjs.org/is-binary-path 52ms (cache miss)
136 silly packumentCache full:https://registry.npmjs.org/is-binary-path set size:undefined disposed:false
137 silly fetch manifest read-cache@^1.0.0
138 silly packumentCache full:https://registry.npmjs.org/read-cache cache-miss
139 http fetch GET 200 https://registry.npmjs.org/postcss-value-parser 54ms (cache miss)
140 silly packumentCache full:https://registry.npmjs.org/postcss-value-parser set size:undefined disposed:false
141 silly fetch manifest yaml@^2.3.4
142 silly packumentCache full:https://registry.npmjs.org/yaml cache-miss
143 http fetch GET 200 https://registry.npmjs.org/fsevents 75ms (cache miss)
144 silly packumentCache full:https://registry.npmjs.org/fsevents set size:undefined disposed:false
145 silly fetch manifest postcss-selector-parser@^6.1.1
146 silly packumentCache full:https://registry.npmjs.org/postcss-selector-parser cache-miss
147 http fetch GET 200 https://registry.npmjs.org/anymatch 80ms (cache miss)
148 silly packumentCache full:https://registry.npmjs.org/anymatch set size:undefined disposed:false
149 silly fetch manifest util-deprecate@^1.0.2
150 silly packumentCache full:https://registry.npmjs.org/util-deprecate cache-miss
151 http fetch GET 200 https://registry.npmjs.org/glob-parent 81ms (cache updated)
152 silly packumentCache full:https://registry.npmjs.org/glob-parent set size:undefined disposed:false
153 silly fetch manifest @jridgewell/gen-mapping@^0.3.2
154 silly packumentCache full:https://registry.npmjs.org/@jridgewell%2fgen-mapping cache-miss
155 http fetch GET 200 https://registry.npmjs.org/glob-parent 86ms (cache updated)
156 silly packumentCache full:https://registry.npmjs.org/glob-parent set size:undefined disposed:false
157 silly fetch manifest commander@^4.0.0
158 silly packumentCache full:https://registry.npmjs.org/commander cache-miss
159 http fetch GET 200 https://registry.npmjs.org/postcss-selector-parser 12ms (cache hit)
160 silly packumentCache full:https://registry.npmjs.org/postcss-selector-parser set size:171230 disposed:false
161 silly fetch manifest glob@^10.3.10
162 silly packumentCache full:https://registry.npmjs.org/glob cache-miss
163 http fetch GET 200 https://registry.npmjs.org/readdirp 94ms (cache updated)
164 silly packumentCache full:https://registry.npmjs.org/readdirp set size:undefined disposed:false
165 silly fetch manifest lines-and-columns@^1.1.6
166 silly packumentCache full:https://registry.npmjs.org/lines-and-columns cache-miss
167 http fetch GET 200 https://registry.npmjs.org/read-cache 49ms (cache miss)
168 silly packumentCache full:https://registry.npmjs.org/read-cache set size:undefined disposed:false
169 silly fetch manifest mz@^2.7.0
170 silly packumentCache full:https://registry.npmjs.org/mz cache-miss
171 http fetch GET 200 https://registry.npmjs.org/yaml 69ms (cache miss)
172 silly packumentCache full:https://registry.npmjs.org/yaml set size:undefined disposed:false
173 silly fetch manifest pirates@^4.0.1
174 silly packumentCache full:https://registry.npmjs.org/pirates cache-miss
175 http fetch GET 200 https://registry.npmjs.org/util-deprecate 86ms (cache updated)
176 silly packumentCache full:https://registry.npmjs.org/util-deprecate set size:undefined disposed:false
177 silly fetch manifest ts-interface-checker@^0.1.9
178 silly packumentCache full:https://registry.npmjs.org/ts-interface-checker cache-miss
179 http fetch GET 200 https://registry.npmjs.org/@jridgewell%2fgen-mapping 85ms (cache miss)
180 silly packumentCache full:https://registry.npmjs.org/@jridgewell%2fgen-mapping set size:undefined disposed:false
181 http fetch GET 200 https://registry.npmjs.org/lines-and-columns 75ms (cache miss)
182 silly packumentCache full:https://registry.npmjs.org/lines-and-columns set size:undefined disposed:false
183 http fetch GET 200 https://registry.npmjs.org/commander 91ms (cache miss)
184 silly packumentCache full:https://registry.npmjs.org/commander set size:undefined disposed:false
185 http fetch GET 200 https://registry.npmjs.org/glob 89ms (cache updated)
186 silly packumentCache full:https://registry.npmjs.org/glob set size:undefined disposed:false
187 http fetch GET 200 https://registry.npmjs.org/mz 87ms (cache miss)
188 silly packumentCache full:https://registry.npmjs.org/mz set size:undefined disposed:false
189 http fetch GET 200 https://registry.npmjs.org/pirates 59ms (cache miss)
190 silly packumentCache full:https://registry.npmjs.org/pirates set size:undefined disposed:false
191 http fetch GET 200 https://registry.npmjs.org/ts-interface-checker 48ms (cache miss)
192 silly packumentCache full:https://registry.npmjs.org/ts-interface-checker set size:undefined disposed:false
193 silly placeDep ROOT anymatch@3.1.3 OK for: chokidar@3.6.0 want: ~3.1.2
194 silly placeDep ROOT fsevents@2.3.3 OK for: chokidar@3.6.0 want: ~2.3.2
195 silly placeDep node_modules/chokidar glob-parent@5.1.2 OK for: chokidar@3.6.0 want: ~5.1.2
196 silly placeDep ROOT is-binary-path@2.1.0 OK for: chokidar@3.6.0 want: ~2.1.0
197 silly placeDep ROOT readdirp@3.6.0 OK for: chokidar@3.6.0 want: ~3.6.0
198 silly fetch manifest binary-extensions@^2.0.0
199 silly packumentCache full:https://registry.npmjs.org/binary-extensions cache-miss
200 http fetch GET 200 https://registry.npmjs.org/binary-extensions 105ms (cache miss)
201 silly packumentCache full:https://registry.npmjs.org/binary-extensions set size:undefined disposed:false
202 silly placeDep ROOT binary-extensions@2.3.0 OK for: is-binary-path@2.1.0 want: ^2.0.0
203 silly placeDep ROOT postcss-value-parser@4.2.0 OK for: postcss-import@15.1.0 want: ^4.0.0
204 silly placeDep ROOT read-cache@1.0.0 OK for: postcss-import@15.1.0 want: ^1.0.0
205 silly fetch manifest pify@^2.3.0
206 silly packumentCache full:https://registry.npmjs.org/pify cache-miss
207 http fetch GET 200 https://registry.npmjs.org/pify 67ms (cache miss)
208 silly packumentCache full:https://registry.npmjs.org/pify set size:undefined disposed:false
209 silly placeDep ROOT yaml@2.6.1 OK for: postcss-load-config@4.0.2 want: ^2.3.4
210 silly placeDep ROOT util-deprecate@1.0.2 OK for: postcss-selector-parser@6.1.2 want: ^1.0.2
211 silly placeDep ROOT pify@2.3.0 OK for: read-cache@1.0.0 want: ^2.3.0
212 silly placeDep ROOT @jridgewell/gen-mapping@0.3.8 OK for: sucrase@3.35.0 want: ^0.3.2
213 silly placeDep ROOT commander@4.1.1 OK for: sucrase@3.35.0 want: ^4.0.0
214 silly placeDep ROOT glob@10.4.5 OK for: sucrase@3.35.0 want: ^10.3.10
215 silly placeDep ROOT lines-and-columns@1.2.4 OK for: sucrase@3.35.0 want: ^1.1.6
216 silly placeDep ROOT mz@2.7.0 OK for: sucrase@3.35.0 want: ^2.7.0
217 silly placeDep ROOT pirates@4.0.6 OK for: sucrase@3.35.0 want: ^4.0.1
218 silly placeDep ROOT ts-interface-checker@0.1.13 OK for: sucrase@3.35.0 want: ^0.1.9
219 silly fetch manifest @jridgewell/set-array@^1.2.1
220 silly packumentCache full:https://registry.npmjs.org/@jridgewell%2fset-array cache-miss
221 silly fetch manifest @jridgewell/sourcemap-codec@^1.4.10
222 silly packumentCache full:https://registry.npmjs.org/@jridgewell%2fsourcemap-codec cache-miss
223 silly fetch manifest @jridgewell/trace-mapping@^0.3.24
224 silly packumentCache full:https://registry.npmjs.org/@jridgewell%2ftrace-mapping cache-miss
225 silly fetch manifest minipass@^7.1.2
226 silly packumentCache full:https://registry.npmjs.org/minipass cache-miss
227 silly fetch manifest jackspeak@^3.1.2
228 silly packumentCache full:https://registry.npmjs.org/jackspeak cache-miss
229 silly fetch manifest minimatch@^9.0.4
230 silly packumentCache full:https://registry.npmjs.org/minimatch cache-miss
231 silly fetch manifest path-scurry@^1.11.1
232 silly packumentCache full:https://registry.npmjs.org/path-scurry cache-miss
233 http fetch GET 200 https://registry.npmjs.org/path-scurry 60ms (cache miss)
234 silly packumentCache full:https://registry.npmjs.org/path-scurry set size:undefined disposed:false
235 silly fetch manifest foreground-child@^3.1.0
236 silly packumentCache full:https://registry.npmjs.org/foreground-child cache-miss
237 http fetch GET 200 https://registry.npmjs.org/@jridgewell%2fsourcemap-codec 79ms (cache updated)
238 silly packumentCache full:https://registry.npmjs.org/@jridgewell%2fsourcemap-codec set size:undefined disposed:false
239 silly fetch manifest package-json-from-dist@^1.0.0
240 silly packumentCache full:https://registry.npmjs.org/package-json-from-dist cache-miss
241 http fetch GET 200 https://registry.npmjs.org/jackspeak 83ms (cache miss)
242 silly packumentCache full:https://registry.npmjs.org/jackspeak set size:undefined disposed:false
243 silly fetch manifest any-promise@^1.0.0
244 silly packumentCache full:https://registry.npmjs.org/any-promise cache-miss
245 http fetch GET 200 https://registry.npmjs.org/@jridgewell%2fset-array 88ms (cache miss)
246 silly packumentCache full:https://registry.npmjs.org/@jridgewell%2fset-array set size:undefined disposed:false
247 silly fetch manifest thenify-all@^1.0.0
248 silly packumentCache full:https://registry.npmjs.org/thenify-all cache-miss
249 http fetch GET 200 https://registry.npmjs.org/minipass 89ms (cache updated)
250 silly packumentCache full:https://registry.npmjs.org/minipass set size:undefined disposed:false
251 http fetch GET 200 https://registry.npmjs.org/minimatch 94ms (cache updated)
252 silly packumentCache full:https://registry.npmjs.org/minimatch set size:undefined disposed:false
253 http fetch GET 200 https://registry.npmjs.org/@jridgewell%2ftrace-mapping 100ms (cache updated)
254 silly packumentCache full:https://registry.npmjs.org/@jridgewell%2ftrace-mapping set size:undefined disposed:false
255 http fetch GET 200 https://registry.npmjs.org/foreground-child 54ms (cache miss)
256 silly packumentCache full:https://registry.npmjs.org/foreground-child set size:undefined disposed:false
257 http fetch GET 200 https://registry.npmjs.org/package-json-from-dist 40ms (cache miss)
258 silly packumentCache full:https://registry.npmjs.org/package-json-from-dist set size:undefined disposed:false
259 http fetch GET 200 https://registry.npmjs.org/thenify-all 47ms (cache miss)
260 silly packumentCache full:https://registry.npmjs.org/thenify-all set size:undefined disposed:false
261 http fetch GET 200 https://registry.npmjs.org/any-promise 67ms (cache updated)
262 silly packumentCache full:https://registry.npmjs.org/any-promise set size:undefined disposed:false
263 silly placeDep ROOT @jridgewell/set-array@1.2.1 OK for: @jridgewell/gen-mapping@0.3.8 want: ^1.2.1
264 silly placeDep ROOT @jridgewell/sourcemap-codec@1.5.0 OK for: @jridgewell/gen-mapping@0.3.8 want: ^1.4.10
265 silly placeDep ROOT @jridgewell/trace-mapping@0.3.25 OK for: @jridgewell/gen-mapping@0.3.8 want: ^0.3.24
266 silly fetch manifest @jridgewell/resolve-uri@^3.1.0
267 silly packumentCache full:https://registry.npmjs.org/@jridgewell%2fresolve-uri cache-miss
268 http fetch GET 200 https://registry.npmjs.org/@jridgewell%2fresolve-uri 83ms (cache updated)
269 silly packumentCache full:https://registry.npmjs.org/@jridgewell%2fresolve-uri set size:undefined disposed:false
270 silly placeDep ROOT @jridgewell/resolve-uri@3.1.2 OK for: @jridgewell/trace-mapping@0.3.25 want: ^3.1.0
271 silly placeDep ROOT foreground-child@3.3.0 OK for: glob@10.4.5 want: ^3.1.0
272 silly placeDep ROOT jackspeak@3.4.3 OK for: glob@10.4.5 want: ^3.1.2
273 silly placeDep node_modules/glob minimatch@9.0.5 OK for: glob@10.4.5 want: ^9.0.4
274 silly placeDep ROOT minipass@7.1.2 OK for: glob@10.4.5 want: ^7.1.2
275 silly placeDep ROOT package-json-from-dist@1.0.1 OK for: glob@10.4.5 want: ^1.0.0
276 silly placeDep ROOT path-scurry@1.11.1 OK for: glob@10.4.5 want: ^1.11.1
277 silly fetch manifest signal-exit@^4.0.1
278 silly packumentCache full:https://registry.npmjs.org/signal-exit cache-miss
279 silly fetch manifest @isaacs/cliui@^8.0.2
280 silly packumentCache full:https://registry.npmjs.org/@isaacs%2fcliui cache-miss
281 silly fetch manifest @pkgjs/parseargs@^0.11.0
282 silly packumentCache full:https://registry.npmjs.org/@pkgjs%2fparseargs cache-miss
283 silly fetch manifest brace-expansion@^2.0.1
284 silly packumentCache full:https://registry.npmjs.org/brace-expansion cache-miss
285 silly fetch manifest lru-cache@^10.2.0
286 silly packumentCache full:https://registry.npmjs.org/lru-cache cache-miss
287 http fetch GET 200 https://registry.npmjs.org/lru-cache 57ms (cache updated)
288 silly packumentCache full:https://registry.npmjs.org/lru-cache set size:undefined disposed:false
289 http fetch GET 200 https://registry.npmjs.org/signal-exit 64ms (cache updated)
290 silly packumentCache full:https://registry.npmjs.org/signal-exit set size:undefined disposed:false
291 http fetch GET 200 https://registry.npmjs.org/brace-expansion 67ms (cache updated)
292 silly packumentCache full:https://registry.npmjs.org/brace-expansion set size:undefined disposed:false
293 http fetch GET 200 https://registry.npmjs.org/@pkgjs%2fparseargs 89ms (cache miss)
294 silly packumentCache full:https://registry.npmjs.org/@pkgjs%2fparseargs set size:undefined disposed:false
295 http fetch GET 200 https://registry.npmjs.org/@isaacs%2fcliui 95ms (cache miss)
296 silly packumentCache full:https://registry.npmjs.org/@isaacs%2fcliui set size:undefined disposed:false
297 silly placeDep ROOT signal-exit@4.1.0 OK for: foreground-child@3.3.0 want: ^4.0.1
298 silly placeDep ROOT @isaacs/cliui@8.0.2 OK for: jackspeak@3.4.3 want: ^8.0.2
299 silly placeDep ROOT @pkgjs/parseargs@0.11.0 OK for: jackspeak@3.4.3 want: ^0.11.0
300 silly fetch manifest string-width@^5.1.2
301 silly packumentCache full:https://registry.npmjs.org/string-width cache-miss
302 silly fetch manifest string-width-cjs@npm:string-width@^4.2.0
303 silly packumentCache full:https://registry.npmjs.org/string-width cache-miss
304 silly fetch manifest strip-ansi@^7.0.1
305 silly packumentCache full:https://registry.npmjs.org/strip-ansi cache-miss
306 silly fetch manifest strip-ansi-cjs@npm:strip-ansi@^6.0.1
307 silly packumentCache full:https://registry.npmjs.org/strip-ansi cache-miss
308 silly fetch manifest wrap-ansi@^8.1.0
309 silly packumentCache full:https://registry.npmjs.org/wrap-ansi cache-miss
310 silly fetch manifest wrap-ansi-cjs@npm:wrap-ansi@^7.0.0
311 silly packumentCache full:https://registry.npmjs.org/wrap-ansi cache-miss
312 http fetch GET 200 https://registry.npmjs.org/strip-ansi 47ms (cache updated)
313 silly packumentCache full:https://registry.npmjs.org/strip-ansi set size:undefined disposed:false
314 http fetch GET 200 https://registry.npmjs.org/strip-ansi 54ms (cache updated)
315 silly packumentCache full:https://registry.npmjs.org/strip-ansi set size:undefined disposed:false
316 http fetch GET 200 https://registry.npmjs.org/wrap-ansi 57ms (cache miss)
317 silly packumentCache full:https://registry.npmjs.org/wrap-ansi set size:undefined disposed:false
318 http fetch GET 200 https://registry.npmjs.org/string-width 62ms (cache updated)
319 silly packumentCache full:https://registry.npmjs.org/string-width set size:undefined disposed:false
320 http fetch GET 200 https://registry.npmjs.org/string-width 64ms (cache updated)
321 silly packumentCache full:https://registry.npmjs.org/string-width set size:undefined disposed:false
322 http fetch GET 200 https://registry.npmjs.org/wrap-ansi 67ms (cache miss)
323 silly packumentCache full:https://registry.npmjs.org/wrap-ansi set size:undefined disposed:false
324 silly placeDep ROOT string-width@5.1.2 OK for: @isaacs/cliui@8.0.2 want: ^5.1.2
325 silly placeDep ROOT string-width-cjs@4.2.3 OK for: @isaacs/cliui@8.0.2 want: npm:string-width@^4.2.0
326 silly placeDep ROOT strip-ansi@7.1.0 OK for: @isaacs/cliui@8.0.2 want: ^7.0.1
327 silly placeDep ROOT strip-ansi-cjs@6.0.1 OK for: @isaacs/cliui@8.0.2 want: npm:strip-ansi@^6.0.1
328 silly placeDep ROOT wrap-ansi@8.1.0 OK for: @isaacs/cliui@8.0.2 want: ^8.1.0
329 silly placeDep ROOT wrap-ansi-cjs@7.0.0 OK for: @isaacs/cliui@8.0.2 want: npm:wrap-ansi@^7.0.0
330 silly fetch manifest eastasianwidth@^0.2.0
331 silly packumentCache full:https://registry.npmjs.org/eastasianwidth cache-miss
332 silly fetch manifest strip-ansi@^6.0.1
333 silly packumentCache full:https://registry.npmjs.org/strip-ansi cache-miss
334 silly fetch manifest emoji-regex@^8.0.0
335 silly packumentCache full:https://registry.npmjs.org/emoji-regex cache-miss
336 silly fetch manifest is-fullwidth-code-point@^3.0.0
337 silly packumentCache full:https://registry.npmjs.org/is-fullwidth-code-point cache-miss
338 silly fetch manifest ansi-regex@^6.0.1
339 silly packumentCache full:https://registry.npmjs.org/ansi-regex cache-miss
340 silly fetch manifest ansi-regex@^5.0.1
341 silly packumentCache full:https://registry.npmjs.org/ansi-regex cache-miss
342 silly fetch manifest ansi-styles@^6.1.0
343 silly packumentCache full:https://registry.npmjs.org/ansi-styles cache-miss
344 http fetch GET 200 https://registry.npmjs.org/strip-ansi 12ms (cache hit)
345 silly packumentCache full:https://registry.npmjs.org/strip-ansi set size:43180 disposed:false
346 silly fetch manifest string-width@^4.1.0
347 silly packumentCache full:https://registry.npmjs.org/string-width cache-miss
348 http fetch GET 200 https://registry.npmjs.org/string-width 4ms (cache hit)
349 silly packumentCache full:https://registry.npmjs.org/string-width set size:61460 disposed:false
350 silly fetch manifest strip-ansi@^6.0.0
351 silly packumentCache full:https://registry.npmjs.org/strip-ansi cache-hit
352 http fetch GET 200 https://registry.npmjs.org/ansi-styles 83ms (cache miss)
353 silly packumentCache full:https://registry.npmjs.org/ansi-styles set size:undefined disposed:false
354 http fetch GET 200 https://registry.npmjs.org/eastasianwidth 100ms (cache miss)
355 silly packumentCache full:https://registry.npmjs.org/eastasianwidth set size:undefined disposed:false
356 http fetch GET 200 https://registry.npmjs.org/emoji-regex 111ms (cache updated)
357 silly packumentCache full:https://registry.npmjs.org/emoji-regex set size:undefined disposed:false
358 http fetch GET 200 https://registry.npmjs.org/ansi-regex 112ms (cache updated)
359 silly packumentCache full:https://registry.npmjs.org/ansi-regex set size:undefined disposed:false
360 http fetch GET 200 https://registry.npmjs.org/is-fullwidth-code-point 133ms (cache updated)
361 silly packumentCache full:https://registry.npmjs.org/is-fullwidth-code-point set size:undefined disposed:false
362 http fetch GET 200 https://registry.npmjs.org/ansi-regex 173ms (cache updated)
363 silly packumentCache full:https://registry.npmjs.org/ansi-regex set size:undefined disposed:false
364 silly placeDep ROOT any-promise@1.3.0 OK for: mz@2.7.0 want: ^1.0.0
365 silly placeDep ROOT thenify-all@1.6.0 OK for: mz@2.7.0 want: ^1.0.0
366 silly fetch manifest thenify@>= 3.1.0 < 4
367 silly packumentCache full:https://registry.npmjs.org/thenify cache-miss
368 http fetch GET 200 https://registry.npmjs.org/thenify 101ms (cache miss)
369 silly packumentCache full:https://registry.npmjs.org/thenify set size:undefined disposed:false
370 silly placeDep ROOT lru-cache@10.4.3 OK for: path-scurry@1.11.1 want: ^10.2.0
371 silly placeDep ROOT eastasianwidth@0.2.0 OK for: string-width@5.1.2 want: ^0.2.0
372 silly placeDep node_modules/string-width-cjs emoji-regex@8.0.0 OK for: string-width@4.2.3 want: ^8.0.0
373 silly placeDep ROOT is-fullwidth-code-point@3.0.0 OK for: string-width@4.2.3 want: ^3.0.0
374 silly placeDep node_modules/string-width-cjs strip-ansi@6.0.1 OK for: string-width@4.2.3 want: ^6.0.1
375 silly placeDep ROOT ansi-regex@6.1.0 OK for: strip-ansi@7.1.0 want: ^6.0.1
376 silly placeDep node_modules/strip-ansi-cjs ansi-regex@5.0.1 OK for: strip-ansi@6.0.1 want: ^5.0.1
377 silly placeDep ROOT thenify@3.3.1 OK for: thenify-all@1.6.0 want: >= 3.1.0 < 4
378 silly placeDep node_modules/wrap-ansi ansi-styles@6.2.1 OK for: wrap-ansi@8.1.0 want: ^6.1.0
379 silly placeDep node_modules/wrap-ansi-cjs string-width@4.2.3 OK for: wrap-ansi@7.0.0 want: ^4.1.0
380 silly placeDep node_modules/wrap-ansi-cjs strip-ansi@6.0.1 OK for: wrap-ansi@7.0.0 want: ^6.0.0
381 silly placeDep node_modules/glob brace-expansion@2.0.1 OK for: minimatch@9.0.5 want: ^2.0.1
382 silly placeDep node_modules/string-width-cjs ansi-regex@5.0.1 OK for: strip-ansi@6.0.1 want: ^5.0.1
383 silly placeDep node_modules/tailwindcss/node_modules/fast-glob glob-parent@5.1.2 OK for: fast-glob@3.3.2 want: ^5.1.2
384 silly placeDep node_modules/wrap-ansi-cjs emoji-regex@8.0.0 OK for: string-width@4.2.3 want: ^8.0.0
385 silly placeDep node_modules/wrap-ansi-cjs ansi-regex@5.0.1 OK for: strip-ansi@6.0.1 want: ^5.0.1
386 silly reify moves {}
387 silly audit bulk request {
387 silly audit   '@emnapi/runtime': [ '1.3.1' ],
387 silly audit   '@eslint-community/eslint-utils': [ '4.4.1' ],
387 silly audit   'eslint-visitor-keys': [ '3.4.3', '4.2.0' ],
387 silly audit   '@eslint-community/regexpp': [ '4.12.1' ],
387 silly audit   '@eslint/config-array': [ '0.19.1' ],
387 silly audit   '@eslint/core': [ '0.9.1' ],
387 silly audit   '@eslint/eslintrc': [ '3.2.0' ],
387 silly audit   '@eslint/js': [ '9.17.0' ],
387 silly audit   '@eslint/object-schema': [ '2.1.5' ],
387 silly audit   '@eslint/plugin-kit': [ '0.2.4' ],
387 silly audit   '@fastify/busboy': [ '2.1.1' ],
387 silly audit   '@humanfs/core': [ '0.19.1' ],
387 silly audit   '@humanfs/node': [ '0.16.6' ],
387 silly audit   '@humanwhocodes/retry': [ '0.3.1', '0.4.1' ],
387 silly audit   '@humanwhocodes/module-importer': [ '1.0.1' ],
387 silly audit   '@img/sharp-darwin-arm64': [ '0.33.5' ],
387 silly audit   '@img/sharp-darwin-x64': [ '0.33.5' ],
387 silly audit   '@img/sharp-libvips-darwin-arm64': [ '1.0.4' ],
387 silly audit   '@img/sharp-libvips-darwin-x64': [ '1.0.4' ],
387 silly audit   '@img/sharp-libvips-linux-arm': [ '1.0.5' ],
387 silly audit   '@img/sharp-libvips-linux-arm64': [ '1.0.4' ],
387 silly audit   '@img/sharp-libvips-linux-s390x': [ '1.0.4' ],
387 silly audit   '@img/sharp-libvips-linux-x64': [ '1.0.4' ],
387 silly audit   '@img/sharp-libvips-linuxmusl-arm64': [ '1.0.4' ],
387 silly audit   '@img/sharp-libvips-linuxmusl-x64': [ '1.0.4' ],
387 silly audit   '@img/sharp-linux-arm': [ '0.33.5' ],
387 silly audit   '@img/sharp-linux-arm64': [ '0.33.5' ],
387 silly audit   '@img/sharp-linux-s390x': [ '0.33.5' ],
387 silly audit   '@img/sharp-linux-x64': [ '0.33.5' ],
387 silly audit   '@img/sharp-linuxmusl-arm64': [ '0.33.5' ],
387 silly audit   '@img/sharp-linuxmusl-x64': [ '0.33.5' ],
387 silly audit   '@img/sharp-wasm32': [ '0.33.5' ],
387 silly audit   '@img/sharp-win32-ia32': [ '0.33.5' ],
387 silly audit   '@img/sharp-win32-x64': [ '0.33.5' ],
387 silly audit   '@next/env': [ '15.1.0' ],
387 silly audit   '@next/eslint-plugin-next': [ '15.1.0' ],
387 silly audit   '@next/swc-darwin-arm64': [ '15.1.0' ],
387 silly audit   '@next/swc-darwin-x64': [ '15.1.0' ],
387 silly audit   '@next/swc-linux-arm64-gnu': [ '15.1.0' ],
387 silly audit   '@next/swc-linux-arm64-musl': [ '15.1.0' ],
387 silly audit   '@next/swc-linux-x64-gnu': [ '15.1.0' ],
387 silly audit   '@next/swc-linux-x64-musl': [ '15.1.0' ],
387 silly audit   '@next/swc-win32-arm64-msvc': [ '15.1.0' ],
387 silly audit   '@next/swc-win32-x64-msvc': [ '15.1.0' ],
387 silly audit   '@nodelib/fs.scandir': [ '2.1.5' ],
387 silly audit   '@nodelib/fs.stat': [ '2.0.5' ],
387 silly audit   '@nodelib/fs.walk': [ '1.2.8' ],
387 silly audit   '@nolyfill/is-core-module': [ '1.0.39' ],
387 silly audit   '@rtsao/scc': [ '1.1.0' ],
387 silly audit   '@rushstack/eslint-patch': [ '1.10.4' ],
387 silly audit   '@swc/counter': [ '0.1.3' ],
387 silly audit   '@swc/helpers': [ '0.5.15' ],
387 silly audit   '@types/estree': [ '1.0.6' ],
387 silly audit   '@types/json-schema': [ '7.0.15' ],
387 silly audit   '@types/json5': [ '0.0.29' ],
387 silly audit   '@types/node': [ '20.17.10' ],
387 silly audit   '@types/react': [ '19.0.1' ],
387 silly audit   '@types/react-dom': [ '19.0.2' ],
387 silly audit   '@typescript-eslint/eslint-plugin': [ '8.18.0' ],
387 silly audit   '@typescript-eslint/parser': [ '8.18.0' ],
387 silly audit   '@typescript-eslint/scope-manager': [ '8.18.0' ],
387 silly audit   '@typescript-eslint/type-utils': [ '8.18.0' ],
387 silly audit   '@typescript-eslint/types': [ '8.18.0' ],
387 silly audit   '@typescript-eslint/typescript-estree': [ '8.18.0' ],
387 silly audit   'brace-expansion': [ '2.0.1', '1.1.11' ],
387 silly audit   'fast-glob': [ '3.3.2', '3.3.1' ],
387 silly audit   'glob-parent': [ '5.1.2', '6.0.2' ],
387 silly audit   minimatch: [ '9.0.5', '3.1.2' ],
387 silly audit   '@typescript-eslint/utils': [ '8.18.0' ],
387 silly audit   '@typescript-eslint/visitor-keys': [ '8.18.0' ],
387 silly audit   '@vercel/blob': [ '0.27.0' ],
387 silly audit   acorn: [ '8.14.0' ],
387 silly audit   'acorn-jsx': [ '5.3.2' ],
387 silly audit   ajv: [ '6.12.6' ],
387 silly audit   'ansi-styles': [ '4.3.0', '6.2.1' ],
387 silly audit   argparse: [ '2.0.1' ],
387 silly audit   'aria-query': [ '5.3.2' ],
387 silly audit   'array-buffer-byte-length': [ '1.0.1' ],
387 silly audit   'array-includes': [ '3.1.8' ],
387 silly audit   'array.prototype.findlast': [ '1.2.5' ],
387 silly audit   'array.prototype.findlastindex': [ '1.2.5' ],
387 silly audit   'array.prototype.flat': [ '1.3.3' ],
387 silly audit   'array.prototype.flatmap': [ '1.3.3' ],
387 silly audit   'array.prototype.tosorted': [ '1.1.4' ],
387 silly audit   'arraybuffer.prototype.slice': [ '1.0.4' ],
387 silly audit   'ast-types-flow': [ '0.0.8' ],
387 silly audit   'async-retry': [ '1.3.3' ],
387 silly audit   'available-typed-arrays': [ '1.0.7' ],
387 silly audit   'axe-core': [ '4.10.2' ],
387 silly audit   'axobject-query': [ '4.1.0' ],
387 silly audit   'balanced-match': [ '1.0.2' ],
387 silly audit   braces: [ '3.0.3' ],
387 silly audit   busboy: [ '1.6.0' ],
387 silly audit   bytes: [ '3.1.2' ],
387 silly audit   'call-bind': [ '1.0.8' ],
387 silly audit   'call-bind-apply-helpers': [ '1.0.1' ],
387 silly audit   'call-bound': [ '1.0.3' ],
387 silly audit   callsites: [ '3.1.0' ],
387 silly audit   'camelcase-css': [ '2.0.1' ],
387 silly audit   'caniuse-lite': [ '1.0.30001688' ],
387 silly audit   chalk: [ '4.1.2' ],
387 silly audit   'client-only': [ '0.0.1' ],
387 silly audit   color: [ '4.2.3' ],
387 silly audit   'color-convert': [ '2.0.1' ],
387 silly audit   'color-name': [ '1.1.4' ],
387 silly audit   'color-string': [ '1.9.1' ],
387 silly audit   'concat-map': [ '0.0.1' ],
387 silly audit   'cross-spawn': [ '7.0.6' ],
387 silly audit   crypto: [ '1.0.1' ],
387 silly audit   'css-selector-tokenizer': [ '0.8.0' ],
387 silly audit   cssesc: [ '3.0.0' ],
387 silly audit   csstype: [ '3.1.3' ],
387 silly audit   culori: [ '3.3.0' ],
387 silly audit   daisyui: [ '4.12.23' ],
387 silly audit   'damerau-levenshtein': [ '1.0.8' ],
387 silly audit   'data-view-buffer': [ '1.0.1' ],
387 silly audit   'data-view-byte-length': [ '1.0.1' ],
387 silly audit   'data-view-byte-offset': [ '1.0.0' ],
387 silly audit   debug: [ '4.4.0', '3.2.7' ],
387 silly audit   'deep-is': [ '0.1.4' ],
387 silly audit   'define-data-property': [ '1.1.4' ],
387 silly audit   'define-properties': [ '1.2.1' ],
387 silly audit   'detect-libc': [ '2.0.3' ],
387 silly audit   doctrine: [ '2.1.0' ],
387 silly audit   'dunder-proto': [ '1.0.0' ],
387 silly audit   'emoji-regex': [ '9.2.2', '8.0.0' ],
387 silly audit   'enhanced-resolve': [ '5.17.1' ],
387 silly audit   'es-abstract': [ '1.23.5' ],
387 silly audit   'es-define-property': [ '1.0.1' ],
387 silly audit   'es-errors': [ '1.3.0' ],
387 silly audit   'es-iterator-helpers': [ '1.2.0' ],
387 silly audit   'es-object-atoms': [ '1.0.0' ],
387 silly audit   'es-set-tostringtag': [ '2.0.3' ],
387 silly audit   'es-shim-unscopables': [ '1.0.2' ],
387 silly audit   'es-to-primitive': [ '1.3.0' ],
387 silly audit   'escape-string-regexp': [ '4.0.0' ],
387 silly audit   eslint: [ '9.17.0' ],
387 silly audit   'eslint-config-next': [ '15.1.0' ],
387 silly audit   'eslint-import-resolver-node': [ '0.3.9' ],
387 silly audit   'eslint-import-resolver-typescript': [ '3.7.0' ],
387 silly audit   'eslint-module-utils': [ '2.12.0' ],
387 silly audit   'eslint-plugin-import': [ '2.31.0' ],
387 silly audit   semver: [ '6.3.1', '7.6.3' ],
387 silly audit   'eslint-plugin-jsx-a11y': [ '6.10.2' ],
387 silly audit   'eslint-plugin-react': [ '7.37.2' ],
387 silly audit   'eslint-plugin-react-hooks': [ '5.1.0' ],
387 silly audit   resolve: [ '2.0.0-next.5', '1.22.9' ],
387 silly audit   'eslint-scope': [ '8.2.0' ],
387 silly audit   espree: [ '10.3.0' ],
387 silly audit   esquery: [ '1.6.0' ],
387 silly audit   esrecurse: [ '4.3.0' ],
387 silly audit   estraverse: [ '5.3.0' ],
387 silly audit   esutils: [ '2.0.3' ],
387 silly audit   'fast-deep-equal': [ '3.1.3' ],
387 silly audit   'fast-json-stable-stringify': [ '2.1.0' ],
387 silly audit   'fast-levenshtein': [ '2.0.6' ],
387 silly audit   fastparse: [ '1.1.2' ],
387 silly audit   fastq: [ '1.17.1' ],
387 silly audit   'file-entry-cache': [ '8.0.0' ],
387 silly audit   'fill-range': [ '7.1.1' ],
387 silly audit   'find-up': [ '5.0.0' ],
387 silly audit   'flat-cache': [ '4.0.1' ],
387 silly audit   flatted: [ '3.3.2' ],
387 silly audit   'for-each': [ '0.3.3' ],
387 silly audit   'function-bind': [ '1.1.2' ],
387 silly audit   'function.prototype.name': [ '1.1.7' ],
387 silly audit   'functions-have-names': [ '1.2.3' ],
387 silly audit   'get-intrinsic': [ '1.2.6' ],
387 silly audit   'get-symbol-description': [ '1.0.2' ],
387 silly audit   'get-tsconfig': [ '4.8.1' ],
387 silly audit   globals: [ '14.0.0' ],
387 silly audit   globalthis: [ '1.0.4' ],
387 silly audit   gopd: [ '1.2.0' ],
387 silly audit   'graceful-fs': [ '4.2.11' ],
387 silly audit   graphemer: [ '1.4.0' ],
387 silly audit   'has-bigints': [ '1.0.2' ],
387 silly audit   'has-flag': [ '4.0.0' ],
387 silly audit   'has-property-descriptors': [ '1.0.2' ],
387 silly audit   'has-proto': [ '1.2.0' ],
387 silly audit   'has-symbols': [ '1.1.0' ],
387 silly audit   'has-tostringtag': [ '1.0.2' ],
387 silly audit   hasown: [ '2.0.2' ],
387 silly audit   ignore: [ '5.3.2' ],
387 silly audit   'import-fresh': [ '3.3.0' ],
387 silly audit   imurmurhash: [ '0.1.4' ],
387 silly audit   'internal-slot': [ '1.1.0' ],
387 silly audit   'is-array-buffer': [ '3.0.4' ],
387 silly audit   'is-arrayish': [ '0.3.2' ],
387 silly audit   'is-async-function': [ '2.0.0' ],
387 silly audit   'is-bigint': [ '1.1.0' ],
387 silly audit   'is-boolean-object': [ '1.2.1' ],
387 silly audit   'is-buffer': [ '2.0.5' ],
387 silly audit   'is-bun-module': [ '1.3.0' ],
387 silly audit   'is-callable': [ '1.2.7' ],
387 silly audit   'is-core-module': [ '2.16.0' ],
387 silly audit   'is-data-view': [ '1.0.2' ],
387 silly audit   'is-date-object': [ '1.1.0' ],
387 silly audit   'is-extglob': [ '2.1.1' ],
387 silly audit   'is-finalizationregistry': [ '1.1.0' ],
387 silly audit   'is-generator-function': [ '1.0.10' ],
387 silly audit   'is-glob': [ '4.0.3' ],
387 silly audit   'is-map': [ '2.0.3' ],
387 silly audit   'is-negative-zero': [ '2.0.3' ],
387 silly audit   'is-node-process': [ '1.2.0' ],
387 silly audit   'is-number': [ '7.0.0' ],
387 silly audit   'is-number-object': [ '1.1.1' ],
387 silly audit   'is-regex': [ '1.2.1' ],
387 silly audit   'is-set': [ '2.0.3' ],
387 silly audit   'is-shared-array-buffer': [ '1.0.3' ],
387 silly audit   'is-string': [ '1.1.1' ],
387 silly audit   'is-symbol': [ '1.1.1' ],
387 silly audit   'is-typed-array': [ '1.1.13' ],
387 silly audit   'is-weakmap': [ '2.0.2' ],
387 silly audit   'is-weakref': [ '1.1.0' ],
387 silly audit   'is-weakset': [ '2.0.3' ],
387 silly audit   isarray: [ '2.0.5' ],
387 silly audit   isexe: [ '2.0.0' ],
387 silly audit   'iterator.prototype': [ '1.1.4' ],
387 silly audit   jiti: [ '1.21.6' ],
387 silly audit   'js-tokens': [ '4.0.0' ],
387 silly audit   'js-yaml': [ '4.1.0' ],
387 silly audit   'json-buffer': [ '3.0.1' ],
387 silly audit   'json-schema-traverse': [ '0.4.1' ],
387 silly audit   'json-stable-stringify-without-jsonify': [ '1.0.1' ],
387 silly audit   json5: [ '1.0.2' ],
387 silly audit   'jsx-ast-utils': [ '3.3.5' ],
387 silly audit   keyv: [ '4.5.4' ],
387 silly audit   'language-subtag-registry': [ '0.3.23' ],
387 silly audit   'language-tags': [ '1.0.9' ],
387 silly audit   levn: [ '0.4.1' ],
387 silly audit   'locate-path': [ '6.0.0' ],
387 silly audit   'lodash.merge': [ '4.6.2' ],
387 silly audit   'loose-envify': [ '1.4.0' ],
387 silly audit   'math-intrinsics': [ '1.0.0' ],
387 silly audit   merge2: [ '1.4.1' ],
387 silly audit   micromatch: [ '4.0.8' ],
387 silly audit   minimist: [ '1.2.8' ],
387 silly audit   ms: [ '2.1.3' ],
387 silly audit   nanoid: [ '3.3.8' ],
387 silly audit   'natural-compare': [ '1.4.0' ],
387 silly audit   next: [ '15.1.0' ],
387 silly audit   postcss: [ '8.4.31', '8.4.49' ],
387 silly audit   'object-assign': [ '4.1.1' ],
387 silly audit   'object-inspect': [ '1.13.3' ],
387 silly audit   'object-keys': [ '1.1.1' ],
387 silly audit   'object.assign': [ '4.1.5' ],
387 silly audit   'object.entries': [ '1.1.8' ],
387 silly audit   'object.fromentries': [ '2.0.8' ],
387 silly audit   'object.groupby': [ '1.0.3' ],
387 silly audit   'object.values': [ '1.2.0' ],
387 silly audit   optionator: [ '0.9.4' ],
387 silly audit   'p-limit': [ '3.1.0' ],
387 silly audit   'p-locate': [ '5.0.0' ],
387 silly audit   'parent-module': [ '1.0.1' ],
387 silly audit   'path-exists': [ '4.0.0' ],
387 silly audit   'path-key': [ '3.1.1' ],
387 silly audit   'path-parse': [ '1.0.7' ],
387 silly audit   picocolors: [ '1.1.1' ],
387 silly audit   picomatch: [ '2.3.1' ],
387 silly audit   'possible-typed-array-names': [ '1.0.0' ],
387 silly audit   'postcss-js': [ '4.0.1' ],
387 silly audit   'prelude-ls': [ '1.2.1' ],
387 silly audit   prettier: [ '3.4.2' ],
387 silly audit   'prop-types': [ '15.8.1' ],
387 silly audit   punycode: [ '2.3.1' ],
387 silly audit   'queue-microtask': [ '1.2.3' ],
387 silly audit   react: [ '19.0.0' ],
387 silly audit   'react-dom': [ '19.0.0' ],
387 silly audit   'react-is': [ '16.13.1' ],
387 silly audit   'reflect.getprototypeof': [ '1.0.8' ],
387 silly audit   'regexp.prototype.flags': [ '1.5.3' ],
387 silly audit   'resolve-from': [ '4.0.0' ],
387 silly audit   'resolve-pkg-maps': [ '1.0.0' ],
387 silly audit   retry: [ '0.13.1' ],
387 silly audit   reusify: [ '1.0.4' ],
387 silly audit   'run-parallel': [ '1.2.0' ],
387 silly audit   'safe-array-concat': [ '1.1.3' ],
387 silly audit   'safe-regex-test': [ '1.1.0' ],
387 silly audit   scheduler: [ '0.25.0' ],
387 silly audit   'set-function-length': [ '1.2.2' ],
387 silly audit   'set-function-name': [ '2.0.2' ],
387 silly audit   sharp: [ '0.33.5' ],
387 silly audit   'shebang-command': [ '2.0.0' ],
387 silly audit   'shebang-regex': [ '3.0.0' ],
387 silly audit   'side-channel': [ '1.1.0' ],
387 silly audit   'side-channel-list': [ '1.0.0' ],
387 silly audit   'side-channel-map': [ '1.0.1' ],
387 silly audit   'side-channel-weakmap': [ '1.0.2' ],
387 silly audit   'simple-swizzle': [ '0.2.2' ],
387 silly audit   'source-map-js': [ '1.2.1' ],
387 silly audit   'stable-hash': [ '0.0.4' ],
387 silly audit   streamsearch: [ '1.1.0' ],
387 silly audit   'string.prototype.includes': [ '2.0.1' ],
387 silly audit   'string.prototype.matchall': [ '4.0.11' ],
387 silly audit   'string.prototype.repeat': [ '1.0.0' ],
387 silly audit   'string.prototype.trim': [ '1.2.10' ],
387 silly audit   'string.prototype.trimend': [ '1.0.9' ],
387 silly audit   'string.prototype.trimstart': [ '1.0.8' ],
387 silly audit   'strip-bom': [ '3.0.0' ],
387 silly audit   'strip-json-comments': [ '3.1.1' ],
387 silly audit   'styled-jsx': [ '5.1.6' ],
387 silly audit   'supports-color': [ '7.2.0' ],
387 silly audit   'supports-preserve-symlinks-flag': [ '1.0.0' ],
387 silly audit   tapable: [ '2.2.1' ],
387 silly audit   throttleit: [ '2.1.0' ],
387 silly audit   'to-regex-range': [ '5.0.1' ],
387 silly audit   'ts-api-utils': [ '1.4.3' ],
387 silly audit   'tsconfig-paths': [ '3.15.0' ],
387 silly audit   tslib: [ '2.8.1' ],
387 silly audit   'type-check': [ '0.4.0' ],
387 silly audit   'typed-array-buffer': [ '1.0.2' ],
387 silly audit   'typed-array-byte-length': [ '1.0.1' ],
387 silly audit   'typed-array-byte-offset': [ '1.0.3' ],
387 silly audit   'typed-array-length': [ '1.0.7' ],
387 silly audit   typescript: [ '5.7.2' ],
387 silly audit   'unbox-primitive': [ '1.0.2' ],
387 silly audit   undici: [ '5.28.4' ],
387 silly audit   'undici-types': [ '6.19.8' ],
387 silly audit   'uri-js': [ '4.4.1' ],
387 silly audit   which: [ '2.0.2' ],
387 silly audit   'which-boxed-primitive': [ '1.1.0' ],
387 silly audit   'which-builtin-type': [ '1.2.1' ],
387 silly audit   'which-collection': [ '1.0.2' ],
387 silly audit   'which-typed-array': [ '1.1.16' ],
387 silly audit   'word-wrap': [ '1.2.5' ],
387 silly audit   'yocto-queue': [ '0.1.0' ],
387 silly audit   tailwindcss: [ '3.4.17' ],
387 silly audit   '@alloc/quick-lru': [ '5.2.0' ],
387 silly audit   arg: [ '5.0.2' ],
387 silly audit   chokidar: [ '3.6.0' ],
387 silly audit   didyoumean: [ '1.2.2' ],
387 silly audit   dlv: [ '1.1.3' ],
387 silly audit   lilconfig: [ '3.1.3' ],
387 silly audit   'normalize-path': [ '3.0.0' ],
387 silly audit   'object-hash': [ '3.0.0' ],
387 silly audit   'postcss-import': [ '15.1.0' ],
387 silly audit   'postcss-load-config': [ '4.0.2' ],
387 silly audit   'postcss-nested': [ '6.2.0' ],
387 silly audit   'postcss-selector-parser': [ '6.1.2' ],
387 silly audit   sucrase: [ '3.35.0' ],
387 silly audit   anymatch: [ '3.1.3' ],
387 silly audit   fsevents: [ '2.3.3' ],
387 silly audit   'is-binary-path': [ '2.1.0' ],
387 silly audit   readdirp: [ '3.6.0' ],
387 silly audit   'binary-extensions': [ '2.3.0' ],
387 silly audit   'postcss-value-parser': [ '4.2.0' ],
387 silly audit   'read-cache': [ '1.0.0' ],
387 silly audit   yaml: [ '2.6.1' ],
387 silly audit   'util-deprecate': [ '1.0.2' ],
387 silly audit   pify: [ '2.3.0' ],
387 silly audit   '@jridgewell/gen-mapping': [ '0.3.8' ],
387 silly audit   commander: [ '4.1.1' ],
387 silly audit   glob: [ '10.4.5' ],
387 silly audit   'lines-and-columns': [ '1.2.4' ],
387 silly audit   mz: [ '2.7.0' ],
387 silly audit   pirates: [ '4.0.6' ],
387 silly audit   'ts-interface-checker': [ '0.1.13' ],
387 silly audit   '@jridgewell/set-array': [ '1.2.1' ],
387 silly audit   '@jridgewell/sourcemap-codec': [ '1.5.0' ],
387 silly audit   '@jridgewell/trace-mapping': [ '0.3.25' ],
387 silly audit   '@jridgewell/resolve-uri': [ '3.1.2' ],
387 silly audit   'foreground-child': [ '3.3.0' ],
387 silly audit   jackspeak: [ '3.4.3' ],
387 silly audit   minipass: [ '7.1.2' ],
387 silly audit   'package-json-from-dist': [ '1.0.1' ],
387 silly audit   'path-scurry': [ '1.11.1' ],
387 silly audit   'signal-exit': [ '4.1.0' ],
387 silly audit   '@isaacs/cliui': [ '8.0.2' ],
387 silly audit   '@pkgjs/parseargs': [ '0.11.0' ],
387 silly audit   'string-width': [ '5.1.2', '4.2.3' ],
387 silly audit   'strip-ansi': [ '7.1.0', '6.0.1' ],
387 silly audit   'wrap-ansi': [ '8.1.0', '7.0.0' ],
387 silly audit   'any-promise': [ '1.3.0' ],
387 silly audit   'thenify-all': [ '1.6.0' ],
387 silly audit   'lru-cache': [ '10.4.3' ],
387 silly audit   eastasianwidth: [ '0.2.0' ],
387 silly audit   'is-fullwidth-code-point': [ '3.0.0' ],
387 silly audit   'ansi-regex': [ '6.1.0', '5.0.1' ],
387 silly audit   thenify: [ '3.3.1' ]
387 silly audit }
388 verbose reify failed optional dependency C:\Users\3d3n2\pentagram\node_modules\fsevents
389 silly reify mark deleted [ 'C:\\Users\\3d3n2\\pentagram\\node_modules\\fsevents' ]
390 verbose reify failed optional dependency C:\Users\3d3n2\pentagram\node_modules\@next\swc-win32-arm64-msvc
391 silly reify mark deleted [
391 silly reify   'C:\\Users\\3d3n2\\pentagram\\node_modules\\@next\\swc-win32-arm64-msvc'
391 silly reify ]
392 verbose reify failed optional dependency C:\Users\3d3n2\pentagram\node_modules\@next\swc-linux-x64-musl
393 silly reify mark deleted [
393 silly reify   'C:\\Users\\3d3n2\\pentagram\\node_modules\\@next\\swc-linux-x64-musl'
393 silly reify ]
394 verbose reify failed optional dependency C:\Users\3d3n2\pentagram\node_modules\@next\swc-linux-x64-gnu
395 silly reify mark deleted [
395 silly reify   'C:\\Users\\3d3n2\\pentagram\\node_modules\\@next\\swc-linux-x64-gnu'
395 silly reify ]
396 verbose reify failed optional dependency C:\Users\3d3n2\pentagram\node_modules\@next\swc-linux-arm64-musl
397 silly reify mark deleted [
397 silly reify   'C:\\Users\\3d3n2\\pentagram\\node_modules\\@next\\swc-linux-arm64-musl'
397 silly reify ]
398 verbose reify failed optional dependency C:\Users\3d3n2\pentagram\node_modules\@next\swc-linux-arm64-gnu
399 silly reify mark deleted [
399 silly reify   'C:\\Users\\3d3n2\\pentagram\\node_modules\\@next\\swc-linux-arm64-gnu'
399 silly reify ]
400 verbose reify failed optional dependency C:\Users\3d3n2\pentagram\node_modules\@next\swc-darwin-x64
401 silly reify mark deleted [ 'C:\\Users\\3d3n2\\pentagram\\node_modules\\@next\\swc-darwin-x64' ]
402 verbose reify failed optional dependency C:\Users\3d3n2\pentagram\node_modules\@next\swc-darwin-arm64
403 silly reify mark deleted [
403 silly reify   'C:\\Users\\3d3n2\\pentagram\\node_modules\\@next\\swc-darwin-arm64'
403 silly reify ]
404 verbose reify failed optional dependency C:\Users\3d3n2\pentagram\node_modules\@img\sharp-win32-ia32
405 silly reify mark deleted [ 'C:\\Users\\3d3n2\\pentagram\\node_modules\\@img\\sharp-win32-ia32' ]
406 verbose reify failed optional dependency C:\Users\3d3n2\pentagram\node_modules\@img\sharp-wasm32
407 silly reify mark deleted [ 'C:\\Users\\3d3n2\\pentagram\\node_modules\\@img\\sharp-wasm32' ]
408 verbose reify failed optional dependency C:\Users\3d3n2\pentagram\node_modules\@emnapi\runtime
409 silly reify mark deleted [ 'C:\\Users\\3d3n2\\pentagram\\node_modules\\@emnapi\\runtime' ]
410 verbose reify failed optional dependency C:\Users\3d3n2\pentagram\node_modules\@img\sharp-linuxmusl-x64
411 silly reify mark deleted [
411 silly reify   'C:\\Users\\3d3n2\\pentagram\\node_modules\\@img\\sharp-linuxmusl-x64'
411 silly reify ]
412 verbose reify failed optional dependency C:\Users\3d3n2\pentagram\node_modules\@img\sharp-linuxmusl-arm64
413 silly reify mark deleted [
413 silly reify   'C:\\Users\\3d3n2\\pentagram\\node_modules\\@img\\sharp-linuxmusl-arm64'
413 silly reify ]
414 verbose reify failed optional dependency C:\Users\3d3n2\pentagram\node_modules\@img\sharp-linux-x64
415 silly reify mark deleted [ 'C:\\Users\\3d3n2\\pentagram\\node_modules\\@img\\sharp-linux-x64' ]
416 verbose reify failed optional dependency C:\Users\3d3n2\pentagram\node_modules\@img\sharp-linux-s390x
417 silly reify mark deleted [
417 silly reify   'C:\\Users\\3d3n2\\pentagram\\node_modules\\@img\\sharp-linux-s390x'
417 silly reify ]
418 verbose reify failed optional dependency C:\Users\3d3n2\pentagram\node_modules\@img\sharp-linux-arm64
419 silly reify mark deleted [
419 silly reify   'C:\\Users\\3d3n2\\pentagram\\node_modules\\@img\\sharp-linux-arm64'
419 silly reify ]
420 verbose reify failed optional dependency C:\Users\3d3n2\pentagram\node_modules\@img\sharp-linux-arm
421 silly reify mark deleted [ 'C:\\Users\\3d3n2\\pentagram\\node_modules\\@img\\sharp-linux-arm' ]
422 verbose reify failed optional dependency C:\Users\3d3n2\pentagram\node_modules\@img\sharp-libvips-linuxmusl-x64
423 silly reify mark deleted [
423 silly reify   'C:\\Users\\3d3n2\\pentagram\\node_modules\\@img\\sharp-libvips-linuxmusl-x64'
423 silly reify ]
424 verbose reify failed optional dependency C:\Users\3d3n2\pentagram\node_modules\@img\sharp-libvips-linuxmusl-arm64
425 silly reify mark deleted [
425 silly reify   'C:\\Users\\3d3n2\\pentagram\\node_modules\\@img\\sharp-libvips-linuxmusl-arm64'
425 silly reify ]
426 verbose reify failed optional dependency C:\Users\3d3n2\pentagram\node_modules\@img\sharp-libvips-linux-x64
427 silly reify mark deleted [
427 silly reify   'C:\\Users\\3d3n2\\pentagram\\node_modules\\@img\\sharp-libvips-linux-x64'
427 silly reify ]
428 verbose reify failed optional dependency C:\Users\3d3n2\pentagram\node_modules\@img\sharp-libvips-linux-s390x
429 silly reify mark deleted [
429 silly reify   'C:\\Users\\3d3n2\\pentagram\\node_modules\\@img\\sharp-libvips-linux-s390x'
429 silly reify ]
430 verbose reify failed optional dependency C:\Users\3d3n2\pentagram\node_modules\@img\sharp-libvips-linux-arm64
431 silly reify mark deleted [
431 silly reify   'C:\\Users\\3d3n2\\pentagram\\node_modules\\@img\\sharp-libvips-linux-arm64'
431 silly reify ]
432 verbose reify failed optional dependency C:\Users\3d3n2\pentagram\node_modules\@img\sharp-libvips-linux-arm
433 silly reify mark deleted [
433 silly reify   'C:\\Users\\3d3n2\\pentagram\\node_modules\\@img\\sharp-libvips-linux-arm'
433 silly reify ]
434 verbose reify failed optional dependency C:\Users\3d3n2\pentagram\node_modules\@img\sharp-libvips-darwin-x64
435 silly reify mark deleted [
435 silly reify   'C:\\Users\\3d3n2\\pentagram\\node_modules\\@img\\sharp-libvips-darwin-x64'
435 silly reify ]
436 verbose reify failed optional dependency C:\Users\3d3n2\pentagram\node_modules\@img\sharp-libvips-darwin-arm64
437 silly reify mark deleted [
437 silly reify   'C:\\Users\\3d3n2\\pentagram\\node_modules\\@img\\sharp-libvips-darwin-arm64'
437 silly reify ]
438 verbose reify failed optional dependency C:\Users\3d3n2\pentagram\node_modules\@img\sharp-darwin-x64
439 silly reify mark deleted [ 'C:\\Users\\3d3n2\\pentagram\\node_modules\\@img\\sharp-darwin-x64' ]
440 verbose reify failed optional dependency C:\Users\3d3n2\pentagram\node_modules\@img\sharp-darwin-arm64
441 silly reify mark deleted [
441 silly reify   'C:\\Users\\3d3n2\\pentagram\\node_modules\\@img\\sharp-darwin-arm64'
441 silly reify ]
442 silly tarball no local data for thenify@https://registry.npmjs.org/thenify/-/thenify-3.3.1.tgz. Extracting by manifest.
443 silly tarball no local data for ansi-regex@https://registry.npmjs.org/ansi-regex/-/ansi-regex-6.1.0.tgz. Extracting by manifest.
444 silly tarball no local data for eastasianwidth@https://registry.npmjs.org/eastasianwidth/-/eastasianwidth-0.2.0.tgz. Extracting by manifest.
445 silly tarball no local data for lru-cache@https://registry.npmjs.org/lru-cache/-/lru-cache-10.4.3.tgz. Extracting by manifest.
446 silly tarball no local data for thenify-all@https://registry.npmjs.org/thenify-all/-/thenify-all-1.6.0.tgz. Extracting by manifest.
447 silly tarball no local data for wrap-ansi-cjs@https://registry.npmjs.org/wrap-ansi/-/wrap-ansi-7.0.0.tgz. Extracting by manifest.
448 silly tarball no local data for wrap-ansi@https://registry.npmjs.org/wrap-ansi/-/wrap-ansi-8.1.0.tgz. Extracting by manifest.
449 silly tarball no local data for strip-ansi@https://registry.npmjs.org/strip-ansi/-/strip-ansi-7.1.0.tgz. Extracting by manifest.
450 silly tarball no local data for string-width@https://registry.npmjs.org/string-width/-/string-width-5.1.2.tgz. Extracting by manifest.
451 silly tarball no local data for @pkgjs/parseargs@https://registry.npmjs.org/@pkgjs/parseargs/-/parseargs-0.11.0.tgz. Extracting by manifest.
452 silly tarball no local data for @isaacs/cliui@https://registry.npmjs.org/@isaacs/cliui/-/cliui-8.0.2.tgz. Extracting by manifest.
453 silly tarball no local data for signal-exit@https://registry.npmjs.org/signal-exit/-/signal-exit-4.1.0.tgz. Extracting by manifest.
454 silly tarball no local data for path-scurry@https://registry.npmjs.org/path-scurry/-/path-scurry-1.11.1.tgz. Extracting by manifest.
455 silly tarball no local data for package-json-from-dist@https://registry.npmjs.org/package-json-from-dist/-/package-json-from-dist-1.0.1.tgz. Extracting by manifest.
456 silly tarball no local data for minipass@https://registry.npmjs.org/minipass/-/minipass-7.1.2.tgz. Extracting by manifest.
457 silly tarball no local data for jackspeak@https://registry.npmjs.org/jackspeak/-/jackspeak-3.4.3.tgz. Extracting by manifest.
458 silly tarball no local data for foreground-child@https://registry.npmjs.org/foreground-child/-/foreground-child-3.3.0.tgz. Extracting by manifest.
459 silly tarball no local data for @jridgewell/set-array@https://registry.npmjs.org/@jridgewell/set-array/-/set-array-1.2.1.tgz. Extracting by manifest.
460 silly tarball no local data for @jridgewell/trace-mapping@https://registry.npmjs.org/@jridgewell/trace-mapping/-/trace-mapping-0.3.25.tgz. Extracting by manifest.
461 silly tarball no local data for ts-interface-checker@https://registry.npmjs.org/ts-interface-checker/-/ts-interface-checker-0.1.13.tgz. Extracting by manifest.
462 silly tarball no local data for mz@https://registry.npmjs.org/mz/-/mz-2.7.0.tgz. Extracting by manifest.
463 silly tarball no local data for pirates@https://registry.npmjs.org/pirates/-/pirates-4.0.6.tgz. Extracting by manifest.
464 silly tarball no local data for lines-and-columns@https://registry.npmjs.org/lines-and-columns/-/lines-and-columns-1.2.4.tgz. Extracting by manifest.
465 silly tarball no local data for commander@https://registry.npmjs.org/commander/-/commander-4.1.1.tgz. Extracting by manifest.
466 silly tarball no local data for glob@https://registry.npmjs.org/glob/-/glob-10.4.5.tgz. Extracting by manifest.
467 silly tarball no local data for @jridgewell/gen-mapping@https://registry.npmjs.org/@jridgewell/gen-mapping/-/gen-mapping-0.3.8.tgz. Extracting by manifest.
468 silly tarball no local data for pify@https://registry.npmjs.org/pify/-/pify-2.3.0.tgz. Extracting by manifest.
469 silly tarball no local data for yaml@https://registry.npmjs.org/yaml/-/yaml-2.6.1.tgz. Extracting by manifest.
470 silly tarball no local data for read-cache@https://registry.npmjs.org/read-cache/-/read-cache-1.0.0.tgz. Extracting by manifest.
471 silly tarball no local data for postcss-value-parser@https://registry.npmjs.org/postcss-value-parser/-/postcss-value-parser-4.2.0.tgz. Extracting by manifest.
472 silly tarball no local data for binary-extensions@https://registry.npmjs.org/binary-extensions/-/binary-extensions-2.3.0.tgz. Extracting by manifest.
473 silly tarball no local data for readdirp@https://registry.npmjs.org/readdirp/-/readdirp-3.6.0.tgz. Extracting by manifest.
474 silly tarball no local data for anymatch@https://registry.npmjs.org/anymatch/-/anymatch-3.1.3.tgz. Extracting by manifest.
475 silly tarball no local data for is-binary-path@https://registry.npmjs.org/is-binary-path/-/is-binary-path-2.1.0.tgz. Extracting by manifest.
476 silly tarball no local data for postcss-selector-parser@https://registry.npmjs.org/postcss-selector-parser/-/postcss-selector-parser-6.1.2.tgz. Extracting by manifest.
477 silly tarball no local data for sucrase@https://registry.npmjs.org/sucrase/-/sucrase-3.35.0.tgz. Extracting by manifest.
478 silly tarball no local data for postcss-nested@https://registry.npmjs.org/postcss-nested/-/postcss-nested-6.2.0.tgz. Extracting by manifest.
479 silly tarball no local data for postcss-load-config@https://registry.npmjs.org/postcss-load-config/-/postcss-load-config-4.0.2.tgz. Extracting by manifest.
480 silly tarball no local data for postcss-import@https://registry.npmjs.org/postcss-import/-/postcss-import-15.1.0.tgz. Extracting by manifest.
481 silly tarball no local data for object-hash@https://registry.npmjs.org/object-hash/-/object-hash-3.0.0.tgz. Extracting by manifest.
482 silly tarball no local data for normalize-path@https://registry.npmjs.org/normalize-path/-/normalize-path-3.0.0.tgz. Extracting by manifest.
483 silly tarball no local data for lilconfig@https://registry.npmjs.org/lilconfig/-/lilconfig-3.1.3.tgz. Extracting by manifest.
484 silly tarball no local data for didyoumean@https://registry.npmjs.org/didyoumean/-/didyoumean-1.2.2.tgz. Extracting by manifest.
485 silly tarball no local data for dlv@https://registry.npmjs.org/dlv/-/dlv-1.1.3.tgz. Extracting by manifest.
486 silly tarball no local data for chokidar@https://registry.npmjs.org/chokidar/-/chokidar-3.6.0.tgz. Extracting by manifest.
487 silly tarball no local data for arg@https://registry.npmjs.org/arg/-/arg-5.0.2.tgz. Extracting by manifest.
488 silly tarball no local data for @alloc/quick-lru@https://registry.npmjs.org/@alloc/quick-lru/-/quick-lru-5.2.0.tgz. Extracting by manifest.
489 silly tarball no local data for ansi-styles@https://registry.npmjs.org/ansi-styles/-/ansi-styles-6.2.1.tgz. Extracting by manifest.
490 silly tarball no local data for minimatch@https://registry.npmjs.org/minimatch/-/minimatch-9.0.5.tgz. Extracting by manifest.
491 silly tarball no local data for brace-expansion@https://registry.npmjs.org/brace-expansion/-/brace-expansion-2.0.1.tgz. Extracting by manifest.
492 http fetch POST 200 https://registry.npmjs.org/-/npm/v1/security/advisories/bulk 132ms
493 silly audit report {}
494 http fetch GET 200 https://registry.npmjs.org/ansi-regex/-/ansi-regex-6.1.0.tgz 175ms (cache miss)
495 http fetch GET 200 https://registry.npmjs.org/eastasianwidth/-/eastasianwidth-0.2.0.tgz 176ms (cache miss)
496 http fetch GET 200 https://registry.npmjs.org/thenify/-/thenify-3.3.1.tgz 178ms (cache miss)
497 http fetch GET 200 https://registry.npmjs.org/wrap-ansi/-/wrap-ansi-7.0.0.tgz 176ms (cache miss)
498 http fetch GET 200 https://registry.npmjs.org/thenify-all/-/thenify-all-1.6.0.tgz 182ms (cache miss)
499 http fetch GET 200 https://registry.npmjs.org/ts-interface-checker/-/ts-interface-checker-0.1.13.tgz 267ms (cache miss)
500 http fetch GET 200 https://registry.npmjs.org/mz/-/mz-2.7.0.tgz 282ms (cache miss)
501 http fetch GET 200 https://registry.npmjs.org/@jridgewell/set-array/-/set-array-1.2.1.tgz 284ms (cache miss)
502 http fetch GET 200 https://registry.npmjs.org/pirates/-/pirates-4.0.6.tgz 309ms (cache miss)
503 http fetch GET 200 https://registry.npmjs.org/foreground-child/-/foreground-child-3.3.0.tgz 339ms (cache miss)
504 http fetch GET 200 https://registry.npmjs.org/lines-and-columns/-/lines-and-columns-1.2.4.tgz 338ms (cache miss)
505 http fetch GET 200 https://registry.npmjs.org/pify/-/pify-2.3.0.tgz 386ms (cache miss)
506 http fetch GET 200 https://registry.npmjs.org/string-width/-/string-width-5.1.2.tgz 392ms (cache miss)
507 http fetch GET 200 https://registry.npmjs.org/@jridgewell/gen-mapping/-/gen-mapping-0.3.8.tgz 394ms (cache miss)
508 http fetch GET 200 https://registry.npmjs.org/strip-ansi/-/strip-ansi-7.1.0.tgz 401ms (cache miss)
509 http fetch GET 200 https://registry.npmjs.org/binary-extensions/-/binary-extensions-2.3.0.tgz 400ms (cache miss)
510 http fetch GET 200 https://registry.npmjs.org/postcss-value-parser/-/postcss-value-parser-4.2.0.tgz 407ms (cache miss)
511 http fetch GET 200 https://registry.npmjs.org/wrap-ansi/-/wrap-ansi-8.1.0.tgz 426ms (cache miss)
512 http fetch GET 200 https://registry.npmjs.org/anymatch/-/anymatch-3.1.3.tgz 425ms (cache miss)
513 http fetch GET 200 https://registry.npmjs.org/postcss-load-config/-/postcss-load-config-4.0.2.tgz 424ms (cache miss)
514 http fetch GET 200 https://registry.npmjs.org/read-cache/-/read-cache-1.0.0.tgz 433ms (cache miss)
515 http fetch GET 200 https://registry.npmjs.org/normalize-path/-/normalize-path-3.0.0.tgz 432ms (cache miss)
516 http fetch GET 200 https://registry.npmjs.org/didyoumean/-/didyoumean-1.2.2.tgz 432ms (cache miss)
517 http fetch GET 200 https://registry.npmjs.org/is-binary-path/-/is-binary-path-2.1.0.tgz 440ms (cache miss)
518 http fetch GET 200 https://registry.npmjs.org/dlv/-/dlv-1.1.3.tgz 439ms (cache miss)
519 http fetch GET 200 https://registry.npmjs.org/postcss-nested/-/postcss-nested-6.2.0.tgz 445ms (cache miss)
520 http fetch GET 200 https://registry.npmjs.org/lilconfig/-/lilconfig-3.1.3.tgz 447ms (cache miss)
521 http fetch GET 200 https://registry.npmjs.org/commander/-/commander-4.1.1.tgz 456ms (cache miss)
522 http fetch GET 200 https://registry.npmjs.org/readdirp/-/readdirp-3.6.0.tgz 455ms (cache miss)
523 http fetch GET 200 https://registry.npmjs.org/@alloc/quick-lru/-/quick-lru-5.2.0.tgz 463ms (cache miss)
524 http fetch GET 200 https://registry.npmjs.org/@isaacs/cliui/-/cliui-8.0.2.tgz 472ms (cache miss)
525 http fetch GET 200 https://registry.npmjs.org/ansi-styles/-/ansi-styles-6.2.1.tgz 466ms (cache miss)
526 http fetch GET 200 https://registry.npmjs.org/brace-expansion/-/brace-expansion-2.0.1.tgz 468ms (cache miss)
527 http fetch GET 200 https://registry.npmjs.org/arg/-/arg-5.0.2.tgz 585ms (cache miss)
528 http fetch GET 200 https://registry.npmjs.org/chokidar/-/chokidar-3.6.0.tgz 622ms (cache miss)
529 http fetch GET 200 https://registry.npmjs.org/object-hash/-/object-hash-3.0.0.tgz 648ms (cache miss)
530 http fetch GET 200 https://registry.npmjs.org/package-json-from-dist/-/package-json-from-dist-1.0.1.tgz 668ms (cache miss)
531 http fetch GET 200 https://registry.npmjs.org/minipass/-/minipass-7.1.2.tgz 684ms (cache miss)
532 http fetch GET 200 https://registry.npmjs.org/@jridgewell/trace-mapping/-/trace-mapping-0.3.25.tgz 699ms (cache miss)
533 http fetch GET 200 https://registry.npmjs.org/postcss-import/-/postcss-import-15.1.0.tgz 705ms (cache miss)
534 http fetch GET 200 https://registry.npmjs.org/@pkgjs/parseargs/-/parseargs-0.11.0.tgz 745ms (cache miss)
535 http fetch GET 200 https://registry.npmjs.org/jackspeak/-/jackspeak-3.4.3.tgz 754ms (cache miss)
536 http fetch GET 200 https://registry.npmjs.org/lru-cache/-/lru-cache-10.4.3.tgz 779ms (cache miss)
537 http fetch GET 200 https://registry.npmjs.org/signal-exit/-/signal-exit-4.1.0.tgz 795ms (cache miss)
538 http fetch GET 200 https://registry.npmjs.org/path-scurry/-/path-scurry-1.11.1.tgz 796ms (cache miss)
539 http fetch GET 200 https://registry.npmjs.org/postcss-selector-parser/-/postcss-selector-parser-6.1.2.tgz 868ms (cache miss)
540 http fetch GET 200 https://registry.npmjs.org/minimatch/-/minimatch-9.0.5.tgz 916ms (cache miss)
541 http fetch GET 200 https://registry.npmjs.org/glob/-/glob-10.4.5.tgz 936ms (cache miss)
542 http fetch GET 200 https://registry.npmjs.org/sucrase/-/sucrase-3.35.0.tgz 1344ms (cache miss)
543 http fetch GET 200 https://registry.npmjs.org/yaml/-/yaml-2.6.1.tgz 1400ms (cache miss)
544 silly ADD node_modules/thenify
545 silly ADD node_modules/ansi-regex
546 silly ADD node_modules/is-fullwidth-code-point
547 silly ADD node_modules/eastasianwidth
548 silly ADD node_modules/lru-cache
549 silly ADD node_modules/thenify-all
550 silly ADD node_modules/any-promise
551 silly ADD node_modules/wrap-ansi-cjs
552 silly ADD node_modules/wrap-ansi-cjs/node_modules/ansi-regex
553 silly ADD node_modules/wrap-ansi-cjs/node_modules/emoji-regex
554 silly ADD node_modules/wrap-ansi-cjs/node_modules/strip-ansi
555 silly ADD node_modules/wrap-ansi-cjs/node_modules/string-width
556 silly ADD node_modules/wrap-ansi
557 silly ADD node_modules/wrap-ansi/node_modules/ansi-styles
558 silly ADD node_modules/strip-ansi-cjs
559 silly ADD node_modules/strip-ansi-cjs/node_modules/ansi-regex
560 silly ADD node_modules/strip-ansi
561 silly ADD node_modules/string-width-cjs
562 silly ADD node_modules/string-width-cjs/node_modules/ansi-regex
563 silly ADD node_modules/string-width-cjs/node_modules/strip-ansi
564 silly ADD node_modules/string-width-cjs/node_modules/emoji-regex
565 silly ADD node_modules/string-width
566 silly ADD node_modules/@pkgjs/parseargs
567 silly ADD node_modules/@isaacs/cliui
568 silly ADD node_modules/signal-exit
569 silly ADD node_modules/path-scurry
570 silly ADD node_modules/package-json-from-dist
571 silly ADD node_modules/minipass
572 silly ADD node_modules/jackspeak
573 silly ADD node_modules/foreground-child
574 silly ADD node_modules/@jridgewell/resolve-uri
575 silly ADD node_modules/@jridgewell/trace-mapping
576 silly ADD node_modules/@jridgewell/sourcemap-codec
577 silly ADD node_modules/@jridgewell/set-array
578 silly ADD node_modules/ts-interface-checker
579 silly ADD node_modules/pirates
580 silly ADD node_modules/mz
581 silly ADD node_modules/lines-and-columns
582 silly ADD node_modules/glob
583 silly ADD node_modules/glob/node_modules/brace-expansion
584 silly ADD node_modules/glob/node_modules/minimatch
585 silly ADD node_modules/commander
586 silly ADD node_modules/@jridgewell/gen-mapping
587 silly ADD node_modules/pify
588 silly ADD node_modules/util-deprecate
589 silly ADD node_modules/yaml
590 silly ADD node_modules/read-cache
591 silly ADD node_modules/postcss-value-parser
592 silly ADD node_modules/binary-extensions
593 silly ADD node_modules/readdirp
594 silly ADD node_modules/is-binary-path
595 silly ADD
596 silly ADD node_modules/anymatch
597 silly ADD node_modules/sucrase
598 silly ADD node_modules/postcss-selector-parser
599 silly ADD node_modules/postcss-nested
600 silly ADD node_modules/postcss-load-config
601 silly ADD node_modules/postcss-import
602 silly ADD node_modules/object-hash
603 silly ADD node_modules/normalize-path
604 silly ADD node_modules/lilconfig
605 silly ADD node_modules/dlv
606 silly ADD node_modules/didyoumean
607 silly ADD node_modules/chokidar
608 silly ADD node_modules/chokidar/node_modules/glob-parent
609 silly ADD node_modules/arg
610 silly ADD node_modules/@alloc/quick-lru
611 silly ADD node_modules/tailwindcss
612 silly ADD node_modules/tailwindcss/node_modules/fast-glob
613 silly ADD node_modules/tailwindcss/node_modules/fast-glob/node_modules/glob-parent
614 silly ADD
615 silly ADD
616 silly ADD
617 silly ADD
618 silly ADD
619 silly ADD
620 silly ADD
621 silly ADD
622 silly ADD
623 silly ADD
624 silly ADD
625 silly ADD
626 silly ADD
627 silly ADD
628 silly ADD
629 silly ADD
630 silly ADD
631 silly ADD
632 silly ADD
633 silly ADD
634 silly ADD
635 silly ADD
636 silly ADD
637 silly ADD
638 silly ADD
639 silly ADD
640 verbose cwd C:\Users\3d3n2\pentagram
641 verbose os Windows_NT 10.0.22631
642 verbose node v22.11.0
643 verbose npm  v10.9.0
644 verbose exit 0
645 info ok
