0 verbose cli C:\Program Files\nodejs\node.exe C:\Program Files\nodejs\node_modules\npm\bin\npm-cli.js
1 info using npm@10.9.0
2 info using node@v22.11.0
3 silly config load:file:C:\Program Files\nodejs\node_modules\npm\npmrc
4 silly config load:file:C:\Users\3d3n2\pentagram\.npmrc
5 silly config load:file:C:\Users\3d3n2\.npmrc
6 silly config load:file:C:\Users\3d3n2\AppData\Roaming\npm\etc\npmrc
7 verbose title npm uninstall tailwindcss
8 verbose argv "uninstall" "tailwindcss"
9 verbose logfile logs-max:10 dir:C:\Users\3d3n2\pentagram\Users\3d3n2\AppData\Roaming\npm-cache\_logs\2024-12-29T19_50_56_128Z-
10 verbose logfile C:\Users\3d3n2\pentagram\Users\3d3n2\AppData\Roaming\npm-cache\_logs\2024-12-29T19_50_56_128Z-debug-0.log
11 silly logfile done cleaning log files
12 silly packumentCache heap:2197815296 maxSize:549453824 maxEntrySize:274726912
13 silly idealTree buildDeps
14 silly reify mark retired [ 'C:\\Users\\3d3n2\\pentagram\\node_modules\\@alloc\\quick-lru' ]
15 silly reify mark retired [ 'C:\\Users\\3d3n2\\pentagram\\node_modules\\@isaacs\\cliui' ]
16 silly reify mark retired [
16 silly reify   'C:\\Users\\3d3n2\\pentagram\\node_modules\\@jridgewell\\gen-mapping'
16 silly reify ]
17 silly reify mark retired [
17 silly reify   'C:\\Users\\3d3n2\\pentagram\\node_modules\\@jridgewell\\resolve-uri'
17 silly reify ]
18 silly reify mark retired [ 'C:\\Users\\3d3n2\\pentagram\\node_modules\\@jridgewell\\set-array' ]
19 silly reify mark retired [
19 silly reify   'C:\\Users\\3d3n2\\pentagram\\node_modules\\@jridgewell\\sourcemap-codec'
19 silly reify ]
20 silly reify mark retired [
20 silly reify   'C:\\Users\\3d3n2\\pentagram\\node_modules\\@jridgewell\\trace-mapping'
20 silly reify ]
21 silly reify mark retired [ 'C:\\Users\\3d3n2\\pentagram\\node_modules\\@pkgjs\\parseargs' ]
22 silly reify mark retired [ 'C:\\Users\\3d3n2\\pentagram\\node_modules\\ansi-regex' ]
23 silly reify mark retired [ 'C:\\Users\\3d3n2\\pentagram\\node_modules\\any-promise' ]
24 silly reify mark retired [ 'C:\\Users\\3d3n2\\pentagram\\node_modules\\anymatch' ]
25 silly reify mark retired [ 'C:\\Users\\3d3n2\\pentagram\\node_modules\\arg' ]
26 silly reify mark retired [ 'C:\\Users\\3d3n2\\pentagram\\node_modules\\binary-extensions' ]
27 silly reify mark retired [ 'C:\\Users\\3d3n2\\pentagram\\node_modules\\chokidar' ]
28 silly reify mark retired [ 'C:\\Users\\3d3n2\\pentagram\\node_modules\\commander' ]
29 silly reify mark retired [ 'C:\\Users\\3d3n2\\pentagram\\node_modules\\didyoumean' ]
30 silly reify mark retired [ 'C:\\Users\\3d3n2\\pentagram\\node_modules\\dlv' ]
31 silly reify mark retired [ 'C:\\Users\\3d3n2\\pentagram\\node_modules\\eastasianwidth' ]
32 silly reify mark retired [ 'C:\\Users\\3d3n2\\pentagram\\node_modules\\foreground-child' ]
33 silly reify mark retired [
33 silly reify   'C:\\Users\\3d3n2\\pentagram\\node_modules\\glob',
33 silly reify   'C:\\Users\\3d3n2\\pentagram\\node_modules\\.bin\\glob',
33 silly reify   'C:\\Users\\3d3n2\\pentagram\\node_modules\\.bin\\glob.cmd',
33 silly reify   'C:\\Users\\3d3n2\\pentagram\\node_modules\\.bin\\glob.ps1'
33 silly reify ]
34 silly reify mark retired [ 'C:\\Users\\3d3n2\\pentagram\\node_modules\\is-binary-path' ]
35 silly reify mark retired [
35 silly reify   'C:\\Users\\3d3n2\\pentagram\\node_modules\\is-fullwidth-code-point'
35 silly reify ]
36 silly reify mark retired [ 'C:\\Users\\3d3n2\\pentagram\\node_modules\\jackspeak' ]
37 silly reify mark retired [ 'C:\\Users\\3d3n2\\pentagram\\node_modules\\lilconfig' ]
38 silly reify mark retired [ 'C:\\Users\\3d3n2\\pentagram\\node_modules\\lines-and-columns' ]
39 silly reify mark retired [ 'C:\\Users\\3d3n2\\pentagram\\node_modules\\lru-cache' ]
40 silly reify mark retired [ 'C:\\Users\\3d3n2\\pentagram\\node_modules\\minipass' ]
41 silly reify mark retired [ 'C:\\Users\\3d3n2\\pentagram\\node_modules\\mz' ]
42 silly reify mark retired [ 'C:\\Users\\3d3n2\\pentagram\\node_modules\\normalize-path' ]
43 silly reify mark retired [ 'C:\\Users\\3d3n2\\pentagram\\node_modules\\object-hash' ]
44 silly reify mark retired [ 'C:\\Users\\3d3n2\\pentagram\\node_modules\\package-json-from-dist' ]
45 silly reify mark retired [ 'C:\\Users\\3d3n2\\pentagram\\node_modules\\path-scurry' ]
46 silly reify mark retired [ 'C:\\Users\\3d3n2\\pentagram\\node_modules\\pify' ]
47 silly reify mark retired [ 'C:\\Users\\3d3n2\\pentagram\\node_modules\\pirates' ]
48 silly reify mark retired [ 'C:\\Users\\3d3n2\\pentagram\\node_modules\\postcss-import' ]
49 silly reify mark retired [ 'C:\\Users\\3d3n2\\pentagram\\node_modules\\postcss-load-config' ]
50 silly reify mark retired [ 'C:\\Users\\3d3n2\\pentagram\\node_modules\\postcss-nested' ]
51 silly reify mark retired [
51 silly reify   'C:\\Users\\3d3n2\\pentagram\\node_modules\\postcss-selector-parser'
51 silly reify ]
52 silly reify mark retired [ 'C:\\Users\\3d3n2\\pentagram\\node_modules\\postcss-value-parser' ]
53 silly reify mark retired [ 'C:\\Users\\3d3n2\\pentagram\\node_modules\\read-cache' ]
54 silly reify mark retired [ 'C:\\Users\\3d3n2\\pentagram\\node_modules\\readdirp' ]
55 silly reify mark retired [ 'C:\\Users\\3d3n2\\pentagram\\node_modules\\signal-exit' ]
56 silly reify mark retired [ 'C:\\Users\\3d3n2\\pentagram\\node_modules\\string-width' ]
57 silly reify mark retired [ 'C:\\Users\\3d3n2\\pentagram\\node_modules\\string-width-cjs' ]
58 silly reify mark retired [ 'C:\\Users\\3d3n2\\pentagram\\node_modules\\strip-ansi' ]
59 silly reify mark retired [ 'C:\\Users\\3d3n2\\pentagram\\node_modules\\strip-ansi-cjs' ]
60 silly reify mark retired [
60 silly reify   'C:\\Users\\3d3n2\\pentagram\\node_modules\\sucrase',
60 silly reify   'C:\\Users\\3d3n2\\pentagram\\node_modules\\.bin\\sucrase',
60 silly reify   'C:\\Users\\3d3n2\\pentagram\\node_modules\\.bin\\sucrase.cmd',
60 silly reify   'C:\\Users\\3d3n2\\pentagram\\node_modules\\.bin\\sucrase.ps1',
60 silly reify   'C:\\Users\\3d3n2\\pentagram\\node_modules\\.bin\\sucrase-node',
60 silly reify   'C:\\Users\\3d3n2\\pentagram\\node_modules\\.bin\\sucrase-node.cmd',
60 silly reify   'C:\\Users\\3d3n2\\pentagram\\node_modules\\.bin\\sucrase-node.ps1'
60 silly reify ]
61 silly reify mark retired [
61 silly reify   'C:\\Users\\3d3n2\\pentagram\\node_modules\\tailwindcss',
61 silly reify   'C:\\Users\\3d3n2\\pentagram\\node_modules\\.bin\\tailwind',
61 silly reify   'C:\\Users\\3d3n2\\pentagram\\node_modules\\.bin\\tailwind.cmd',
61 silly reify   'C:\\Users\\3d3n2\\pentagram\\node_modules\\.bin\\tailwind.ps1',
61 silly reify   'C:\\Users\\3d3n2\\pentagram\\node_modules\\.bin\\tailwindcss',
61 silly reify   'C:\\Users\\3d3n2\\pentagram\\node_modules\\.bin\\tailwindcss.cmd',
61 silly reify   'C:\\Users\\3d3n2\\pentagram\\node_modules\\.bin\\tailwindcss.ps1'
61 silly reify ]
62 silly reify mark retired [ 'C:\\Users\\3d3n2\\pentagram\\node_modules\\thenify' ]
63 silly reify mark retired [ 'C:\\Users\\3d3n2\\pentagram\\node_modules\\thenify-all' ]
64 silly reify mark retired [ 'C:\\Users\\3d3n2\\pentagram\\node_modules\\ts-interface-checker' ]
65 silly reify mark retired [ 'C:\\Users\\3d3n2\\pentagram\\node_modules\\util-deprecate' ]
66 silly reify mark retired [ 'C:\\Users\\3d3n2\\pentagram\\node_modules\\wrap-ansi' ]
67 silly reify mark retired [ 'C:\\Users\\3d3n2\\pentagram\\node_modules\\wrap-ansi-cjs' ]
68 silly reify mark retired [
68 silly reify   'C:\\Users\\3d3n2\\pentagram\\node_modules\\yaml',
68 silly reify   'C:\\Users\\3d3n2\\pentagram\\node_modules\\.bin\\yaml',
68 silly reify   'C:\\Users\\3d3n2\\pentagram\\node_modules\\.bin\\yaml.cmd',
68 silly reify   'C:\\Users\\3d3n2\\pentagram\\node_modules\\.bin\\yaml.ps1'
68 silly reify ]
69 silly reify moves {
69 silly reify   'C:\\Users\\3d3n2\\pentagram\\node_modules\\@alloc\\quick-lru': 'C:\\Users\\3d3n2\\pentagram\\node_modules\\@alloc\\.quick-lru-bHGvGTKO',
69 silly reify   'C:\\Users\\3d3n2\\pentagram\\node_modules\\@isaacs\\cliui': 'C:\\Users\\3d3n2\\pentagram\\node_modules\\@isaacs\\.cliui-D36Ov0Np',
69 silly reify   'C:\\Users\\3d3n2\\pentagram\\node_modules\\@jridgewell\\gen-mapping': 'C:\\Users\\3d3n2\\pentagram\\node_modules\\@jridgewell\\.gen-mapping-shmYEX8Q',
69 silly reify   'C:\\Users\\3d3n2\\pentagram\\node_modules\\@jridgewell\\resolve-uri': 'C:\\Users\\3d3n2\\pentagram\\node_modules\\@jridgewell\\.resolve-uri-zmepeDdF',
69 silly reify   'C:\\Users\\3d3n2\\pentagram\\node_modules\\@jridgewell\\set-array': 'C:\\Users\\3d3n2\\pentagram\\node_modules\\@jridgewell\\.set-array-L8Zqpkc1',
69 silly reify   'C:\\Users\\3d3n2\\pentagram\\node_modules\\@jridgewell\\sourcemap-codec': 'C:\\Users\\3d3n2\\pentagram\\node_modules\\@jridgewell\\.sourcemap-codec-FoWkuY7Y',
69 silly reify   'C:\\Users\\3d3n2\\pentagram\\node_modules\\@jridgewell\\trace-mapping': 'C:\\Users\\3d3n2\\pentagram\\node_modules\\@jridgewell\\.trace-mapping-MeQ4HxoZ',
69 silly reify   'C:\\Users\\3d3n2\\pentagram\\node_modules\\@pkgjs\\parseargs': 'C:\\Users\\3d3n2\\pentagram\\node_modules\\@pkgjs\\.parseargs-4aKYYruK',
69 silly reify   'C:\\Users\\3d3n2\\pentagram\\node_modules\\ansi-regex': 'C:\\Users\\3d3n2\\pentagram\\node_modules\\.ansi-regex-wC66zutE',
69 silly reify   'C:\\Users\\3d3n2\\pentagram\\node_modules\\any-promise': 'C:\\Users\\3d3n2\\pentagram\\node_modules\\.any-promise-23zM1MPX',
69 silly reify   'C:\\Users\\3d3n2\\pentagram\\node_modules\\anymatch': 'C:\\Users\\3d3n2\\pentagram\\node_modules\\.anymatch-Rc82N7Cu',
69 silly reify   'C:\\Users\\3d3n2\\pentagram\\node_modules\\arg': 'C:\\Users\\3d3n2\\pentagram\\node_modules\\.arg-BlqYWghx',
69 silly reify   'C:\\Users\\3d3n2\\pentagram\\node_modules\\binary-extensions': 'C:\\Users\\3d3n2\\pentagram\\node_modules\\.binary-extensions-uVQ00ypQ',
69 silly reify   'C:\\Users\\3d3n2\\pentagram\\node_modules\\chokidar': 'C:\\Users\\3d3n2\\pentagram\\node_modules\\.chokidar-b3fI0LyJ',
69 silly reify   'C:\\Users\\3d3n2\\pentagram\\node_modules\\commander': 'C:\\Users\\3d3n2\\pentagram\\node_modules\\.commander-WKLBWck6',
69 silly reify   'C:\\Users\\3d3n2\\pentagram\\node_modules\\didyoumean': 'C:\\Users\\3d3n2\\pentagram\\node_modules\\.didyoumean-Kw2KN5V0',
69 silly reify   'C:\\Users\\3d3n2\\pentagram\\node_modules\\dlv': 'C:\\Users\\3d3n2\\pentagram\\node_modules\\.dlv-tTi6Vwl2',
69 silly reify   'C:\\Users\\3d3n2\\pentagram\\node_modules\\eastasianwidth': 'C:\\Users\\3d3n2\\pentagram\\node_modules\\.eastasianwidth-KrMjDUx7',
69 silly reify   'C:\\Users\\3d3n2\\pentagram\\node_modules\\foreground-child': 'C:\\Users\\3d3n2\\pentagram\\node_modules\\.foreground-child-FWqrfnOm',
69 silly reify   'C:\\Users\\3d3n2\\pentagram\\node_modules\\glob': 'C:\\Users\\3d3n2\\pentagram\\node_modules\\.glob-COQU8ydR',
69 silly reify   'C:\\Users\\3d3n2\\pentagram\\node_modules\\.bin\\glob': 'C:\\Users\\3d3n2\\pentagram\\node_modules\\.bin\\.glob-NSI0lYHv',
69 silly reify   'C:\\Users\\3d3n2\\pentagram\\node_modules\\.bin\\glob.cmd': 'C:\\Users\\3d3n2\\pentagram\\node_modules\\.bin\\.glob.cmd-drhf8LaC',
69 silly reify   'C:\\Users\\3d3n2\\pentagram\\node_modules\\.bin\\glob.ps1': 'C:\\Users\\3d3n2\\pentagram\\node_modules\\.bin\\.glob.ps1-eV0PBwJ1',
69 silly reify   'C:\\Users\\3d3n2\\pentagram\\node_modules\\is-binary-path': 'C:\\Users\\3d3n2\\pentagram\\node_modules\\.is-binary-path-pfldQr5z',
69 silly reify   'C:\\Users\\3d3n2\\pentagram\\node_modules\\is-fullwidth-code-point': 'C:\\Users\\3d3n2\\pentagram\\node_modules\\.is-fullwidth-code-point-T4vkEPmQ',
69 silly reify   'C:\\Users\\3d3n2\\pentagram\\node_modules\\jackspeak': 'C:\\Users\\3d3n2\\pentagram\\node_modules\\.jackspeak-6EiPct8S',
69 silly reify   'C:\\Users\\3d3n2\\pentagram\\node_modules\\lilconfig': 'C:\\Users\\3d3n2\\pentagram\\node_modules\\.lilconfig-q0FYqThl',
69 silly reify   'C:\\Users\\3d3n2\\pentagram\\node_modules\\lines-and-columns': 'C:\\Users\\3d3n2\\pentagram\\node_modules\\.lines-and-columns-i3Tmigx1',
69 silly reify   'C:\\Users\\3d3n2\\pentagram\\node_modules\\lru-cache': 'C:\\Users\\3d3n2\\pentagram\\node_modules\\.lru-cache-6BSA5kAQ',
69 silly reify   'C:\\Users\\3d3n2\\pentagram\\node_modules\\minipass': 'C:\\Users\\3d3n2\\pentagram\\node_modules\\.minipass-Bii2RTlA',
69 silly reify   'C:\\Users\\3d3n2\\pentagram\\node_modules\\mz': 'C:\\Users\\3d3n2\\pentagram\\node_modules\\.mz-0bKLGiIV',
69 silly reify   'C:\\Users\\3d3n2\\pentagram\\node_modules\\normalize-path': 'C:\\Users\\3d3n2\\pentagram\\node_modules\\.normalize-path-faQ9vhUl',
69 silly reify   'C:\\Users\\3d3n2\\pentagram\\node_modules\\object-hash': 'C:\\Users\\3d3n2\\pentagram\\node_modules\\.object-hash-51tmXevb',
69 silly reify   'C:\\Users\\3d3n2\\pentagram\\node_modules\\package-json-from-dist': 'C:\\Users\\3d3n2\\pentagram\\node_modules\\.package-json-from-dist-b1gTAgFp',
69 silly reify   'C:\\Users\\3d3n2\\pentagram\\node_modules\\path-scurry': 'C:\\Users\\3d3n2\\pentagram\\node_modules\\.path-scurry-DfW9coX7',
69 silly reify   'C:\\Users\\3d3n2\\pentagram\\node_modules\\pify': 'C:\\Users\\3d3n2\\pentagram\\node_modules\\.pify-m19DU5wl',
69 silly reify   'C:\\Users\\3d3n2\\pentagram\\node_modules\\pirates': 'C:\\Users\\3d3n2\\pentagram\\node_modules\\.pirates-lwV1OTbb',
69 silly reify   'C:\\Users\\3d3n2\\pentagram\\node_modules\\postcss-import': 'C:\\Users\\3d3n2\\pentagram\\node_modules\\.postcss-import-71NmM8rB',
69 silly reify   'C:\\Users\\3d3n2\\pentagram\\node_modules\\postcss-load-config': 'C:\\Users\\3d3n2\\pentagram\\node_modules\\.postcss-load-config-rq5xjBje',
69 silly reify   'C:\\Users\\3d3n2\\pentagram\\node_modules\\postcss-nested': 'C:\\Users\\3d3n2\\pentagram\\node_modules\\.postcss-nested-z8OQExGG',
69 silly reify   'C:\\Users\\3d3n2\\pentagram\\node_modules\\postcss-selector-parser': 'C:\\Users\\3d3n2\\pentagram\\node_modules\\.postcss-selector-parser-gsM2zT7D',
69 silly reify   'C:\\Users\\3d3n2\\pentagram\\node_modules\\postcss-value-parser': 'C:\\Users\\3d3n2\\pentagram\\node_modules\\.postcss-value-parser-8OReubgT',
69 silly reify   'C:\\Users\\3d3n2\\pentagram\\node_modules\\read-cache': 'C:\\Users\\3d3n2\\pentagram\\node_modules\\.read-cache-4z6qZGSY',
69 silly reify   'C:\\Users\\3d3n2\\pentagram\\node_modules\\readdirp': 'C:\\Users\\3d3n2\\pentagram\\node_modules\\.readdirp-ODlXDEPx',
69 silly reify   'C:\\Users\\3d3n2\\pentagram\\node_modules\\signal-exit': 'C:\\Users\\3d3n2\\pentagram\\node_modules\\.signal-exit-1kun9sOJ',
69 silly reify   'C:\\Users\\3d3n2\\pentagram\\node_modules\\string-width': 'C:\\Users\\3d3n2\\pentagram\\node_modules\\.string-width-9NDNgPiK',
69 silly reify   'C:\\Users\\3d3n2\\pentagram\\node_modules\\string-width-cjs': 'C:\\Users\\3d3n2\\pentagram\\node_modules\\.string-width-cjs-4mmL3NFF',
69 silly reify   'C:\\Users\\3d3n2\\pentagram\\node_modules\\strip-ansi': 'C:\\Users\\3d3n2\\pentagram\\node_modules\\.strip-ansi-YlQ64K7l',
69 silly reify   'C:\\Users\\3d3n2\\pentagram\\node_modules\\strip-ansi-cjs': 'C:\\Users\\3d3n2\\pentagram\\node_modules\\.strip-ansi-cjs-YdLoQv21',
69 silly reify   'C:\\Users\\3d3n2\\pentagram\\node_modules\\sucrase': 'C:\\Users\\3d3n2\\pentagram\\node_modules\\.sucrase-V7ESoqSt',
69 silly reify   'C:\\Users\\3d3n2\\pentagram\\node_modules\\.bin\\sucrase': 'C:\\Users\\3d3n2\\pentagram\\node_modules\\.bin\\.sucrase-QGoQDVHf',
69 silly reify   'C:\\Users\\3d3n2\\pentagram\\node_modules\\.bin\\sucrase.cmd': 'C:\\Users\\3d3n2\\pentagram\\node_modules\\.bin\\.sucrase.cmd-6QYqd3ER',
69 silly reify   'C:\\Users\\3d3n2\\pentagram\\node_modules\\.bin\\sucrase.ps1': 'C:\\Users\\3d3n2\\pentagram\\node_modules\\.bin\\.sucrase.ps1-GJl2VaIu',
69 silly reify   'C:\\Users\\3d3n2\\pentagram\\node_modules\\.bin\\sucrase-node': 'C:\\Users\\3d3n2\\pentagram\\node_modules\\.bin\\.sucrase-node-RWyfkHnC',
69 silly reify   'C:\\Users\\3d3n2\\pentagram\\node_modules\\.bin\\sucrase-node.cmd': 'C:\\Users\\3d3n2\\pentagram\\node_modules\\.bin\\.sucrase-node.cmd-e0gng5MQ',
69 silly reify   'C:\\Users\\3d3n2\\pentagram\\node_modules\\.bin\\sucrase-node.ps1': 'C:\\Users\\3d3n2\\pentagram\\node_modules\\.bin\\.sucrase-node.ps1-dkxYWxTE',
69 silly reify   'C:\\Users\\3d3n2\\pentagram\\node_modules\\tailwindcss': 'C:\\Users\\3d3n2\\pentagram\\node_modules\\.tailwindcss-zjkX0iNF',
69 silly reify   'C:\\Users\\3d3n2\\pentagram\\node_modules\\.bin\\tailwind': 'C:\\Users\\3d3n2\\pentagram\\node_modules\\.bin\\.tailwind-Ab6FPYjh',
69 silly reify   'C:\\Users\\3d3n2\\pentagram\\node_modules\\.bin\\tailwind.cmd': 'C:\\Users\\3d3n2\\pentagram\\node_modules\\.bin\\.tailwind.cmd-OW4FU0bT',
69 silly reify   'C:\\Users\\3d3n2\\pentagram\\node_modules\\.bin\\tailwind.ps1': 'C:\\Users\\3d3n2\\pentagram\\node_modules\\.bin\\.tailwind.ps1-5WsiiSeU',
69 silly reify   'C:\\Users\\3d3n2\\pentagram\\node_modules\\.bin\\tailwindcss': 'C:\\Users\\3d3n2\\pentagram\\node_modules\\.bin\\.tailwindcss-uh9m1KeY',
69 silly reify   'C:\\Users\\3d3n2\\pentagram\\node_modules\\.bin\\tailwindcss.cmd': 'C:\\Users\\3d3n2\\pentagram\\node_modules\\.bin\\.tailwindcss.cmd-cn4YaOzK',
69 silly reify   'C:\\Users\\3d3n2\\pentagram\\node_modules\\.bin\\tailwindcss.ps1': 'C:\\Users\\3d3n2\\pentagram\\node_modules\\.bin\\.tailwindcss.ps1-CClZlsmO',
69 silly reify   'C:\\Users\\3d3n2\\pentagram\\node_modules\\thenify': 'C:\\Users\\3d3n2\\pentagram\\node_modules\\.thenify-xxKS1Syl',
69 silly reify   'C:\\Users\\3d3n2\\pentagram\\node_modules\\thenify-all': 'C:\\Users\\3d3n2\\pentagram\\node_modules\\.thenify-all-rmxHc4c1',
69 silly reify   'C:\\Users\\3d3n2\\pentagram\\node_modules\\ts-interface-checker': 'C:\\Users\\3d3n2\\pentagram\\node_modules\\.ts-interface-checker-64AWjeCj',
69 silly reify   'C:\\Users\\3d3n2\\pentagram\\node_modules\\util-deprecate': 'C:\\Users\\3d3n2\\pentagram\\node_modules\\.util-deprecate-v3eAqoO8',
69 silly reify   'C:\\Users\\3d3n2\\pentagram\\node_modules\\wrap-ansi': 'C:\\Users\\3d3n2\\pentagram\\node_modules\\.wrap-ansi-WJVe88GY',
69 silly reify   'C:\\Users\\3d3n2\\pentagram\\node_modules\\wrap-ansi-cjs': 'C:\\Users\\3d3n2\\pentagram\\node_modules\\.wrap-ansi-cjs-ORREc8RS',
69 silly reify   'C:\\Users\\3d3n2\\pentagram\\node_modules\\yaml': 'C:\\Users\\3d3n2\\pentagram\\node_modules\\.yaml-Rgtx0xSt',
69 silly reify   'C:\\Users\\3d3n2\\pentagram\\node_modules\\.bin\\yaml': 'C:\\Users\\3d3n2\\pentagram\\node_modules\\.bin\\.yaml-vI0qmhK6',
69 silly reify   'C:\\Users\\3d3n2\\pentagram\\node_modules\\.bin\\yaml.cmd': 'C:\\Users\\3d3n2\\pentagram\\node_modules\\.bin\\.yaml.cmd-ECWYeHMN',
69 silly reify   'C:\\Users\\3d3n2\\pentagram\\node_modules\\.bin\\yaml.ps1': 'C:\\Users\\3d3n2\\pentagram\\node_modules\\.bin\\.yaml.ps1-iaf6Wj93'
69 silly reify }
70 silly audit bulk request {
70 silly audit   '@emnapi/runtime': [ '1.3.1' ],
70 silly audit   '@eslint-community/eslint-utils': [ '4.4.1' ],
70 silly audit   'eslint-visitor-keys': [ '3.4.3', '4.2.0' ],
70 silly audit   '@eslint-community/regexpp': [ '4.12.1' ],
70 silly audit   '@eslint/config-array': [ '0.19.1' ],
70 silly audit   '@eslint/core': [ '0.9.1' ],
70 silly audit   '@eslint/eslintrc': [ '3.2.0' ],
70 silly audit   '@eslint/js': [ '9.17.0' ],
70 silly audit   '@eslint/object-schema': [ '2.1.5' ],
70 silly audit   '@eslint/plugin-kit': [ '0.2.4' ],
70 silly audit   '@fastify/busboy': [ '2.1.1' ],
70 silly audit   '@humanfs/core': [ '0.19.1' ],
70 silly audit   '@humanfs/node': [ '0.16.6' ],
70 silly audit   '@humanwhocodes/retry': [ '0.3.1', '0.4.1' ],
70 silly audit   '@humanwhocodes/module-importer': [ '1.0.1' ],
70 silly audit   '@img/sharp-darwin-arm64': [ '0.33.5' ],
70 silly audit   '@img/sharp-darwin-x64': [ '0.33.5' ],
70 silly audit   '@img/sharp-libvips-darwin-arm64': [ '1.0.4' ],
70 silly audit   '@img/sharp-libvips-darwin-x64': [ '1.0.4' ],
70 silly audit   '@img/sharp-libvips-linux-arm': [ '1.0.5' ],
70 silly audit   '@img/sharp-libvips-linux-arm64': [ '1.0.4' ],
70 silly audit   '@img/sharp-libvips-linux-s390x': [ '1.0.4' ],
70 silly audit   '@img/sharp-libvips-linux-x64': [ '1.0.4' ],
70 silly audit   '@img/sharp-libvips-linuxmusl-arm64': [ '1.0.4' ],
70 silly audit   '@img/sharp-libvips-linuxmusl-x64': [ '1.0.4' ],
70 silly audit   '@img/sharp-linux-arm': [ '0.33.5' ],
70 silly audit   '@img/sharp-linux-arm64': [ '0.33.5' ],
70 silly audit   '@img/sharp-linux-s390x': [ '0.33.5' ],
70 silly audit   '@img/sharp-linux-x64': [ '0.33.5' ],
70 silly audit   '@img/sharp-linuxmusl-arm64': [ '0.33.5' ],
70 silly audit   '@img/sharp-linuxmusl-x64': [ '0.33.5' ],
70 silly audit   '@img/sharp-wasm32': [ '0.33.5' ],
70 silly audit   '@img/sharp-win32-ia32': [ '0.33.5' ],
70 silly audit   '@img/sharp-win32-x64': [ '0.33.5' ],
70 silly audit   '@next/env': [ '15.1.0' ],
70 silly audit   '@next/eslint-plugin-next': [ '15.1.0' ],
70 silly audit   '@next/swc-darwin-arm64': [ '15.1.0' ],
70 silly audit   '@next/swc-darwin-x64': [ '15.1.0' ],
70 silly audit   '@next/swc-linux-arm64-gnu': [ '15.1.0' ],
70 silly audit   '@next/swc-linux-arm64-musl': [ '15.1.0' ],
70 silly audit   '@next/swc-linux-x64-gnu': [ '15.1.0' ],
70 silly audit   '@next/swc-linux-x64-musl': [ '15.1.0' ],
70 silly audit   '@next/swc-win32-arm64-msvc': [ '15.1.0' ],
70 silly audit   '@next/swc-win32-x64-msvc': [ '15.1.0' ],
70 silly audit   '@nodelib/fs.scandir': [ '2.1.5' ],
70 silly audit   '@nodelib/fs.stat': [ '2.0.5' ],
70 silly audit   '@nodelib/fs.walk': [ '1.2.8' ],
70 silly audit   '@nolyfill/is-core-module': [ '1.0.39' ],
70 silly audit   '@rtsao/scc': [ '1.1.0' ],
70 silly audit   '@rushstack/eslint-patch': [ '1.10.4' ],
70 silly audit   '@swc/counter': [ '0.1.3' ],
70 silly audit   '@swc/helpers': [ '0.5.15' ],
70 silly audit   '@types/estree': [ '1.0.6' ],
70 silly audit   '@types/json-schema': [ '7.0.15' ],
70 silly audit   '@types/json5': [ '0.0.29' ],
70 silly audit   '@types/node': [ '20.17.10' ],
70 silly audit   '@types/react': [ '19.0.1' ],
70 silly audit   '@types/react-dom': [ '19.0.2' ],
70 silly audit   '@typescript-eslint/eslint-plugin': [ '8.18.0' ],
70 silly audit   '@typescript-eslint/parser': [ '8.18.0' ],
70 silly audit   '@typescript-eslint/scope-manager': [ '8.18.0' ],
70 silly audit   '@typescript-eslint/type-utils': [ '8.18.0' ],
70 silly audit   '@typescript-eslint/types': [ '8.18.0' ],
70 silly audit   '@typescript-eslint/typescript-estree': [ '8.18.0' ],
70 silly audit   'brace-expansion': [ '2.0.1', '1.1.11' ],
70 silly audit   'fast-glob': [ '3.3.2', '3.3.1' ],
70 silly audit   'glob-parent': [ '5.1.2', '6.0.2' ],
70 silly audit   minimatch: [ '9.0.5', '3.1.2' ],
70 silly audit   '@typescript-eslint/utils': [ '8.18.0' ],
70 silly audit   '@typescript-eslint/visitor-keys': [ '8.18.0' ],
70 silly audit   '@vercel/blob': [ '0.27.0' ],
70 silly audit   acorn: [ '8.14.0' ],
70 silly audit   'acorn-jsx': [ '5.3.2' ],
70 silly audit   ajv: [ '6.12.6' ],
70 silly audit   'ansi-styles': [ '4.3.0' ],
70 silly audit   argparse: [ '2.0.1' ],
70 silly audit   'aria-query': [ '5.3.2' ],
70 silly audit   'array-buffer-byte-length': [ '1.0.1' ],
70 silly audit   'array-includes': [ '3.1.8' ],
70 silly audit   'array.prototype.findlast': [ '1.2.5' ],
70 silly audit   'array.prototype.findlastindex': [ '1.2.5' ],
70 silly audit   'array.prototype.flat': [ '1.3.3' ],
70 silly audit   'array.prototype.flatmap': [ '1.3.3' ],
70 silly audit   'array.prototype.tosorted': [ '1.1.4' ],
70 silly audit   'arraybuffer.prototype.slice': [ '1.0.4' ],
70 silly audit   'ast-types-flow': [ '0.0.8' ],
70 silly audit   'async-retry': [ '1.3.3' ],
70 silly audit   'available-typed-arrays': [ '1.0.7' ],
70 silly audit   'axe-core': [ '4.10.2' ],
70 silly audit   'axobject-query': [ '4.1.0' ],
70 silly audit   'balanced-match': [ '1.0.2' ],
70 silly audit   braces: [ '3.0.3' ],
70 silly audit   busboy: [ '1.6.0' ],
70 silly audit   bytes: [ '3.1.2' ],
70 silly audit   'call-bind': [ '1.0.8' ],
70 silly audit   'call-bind-apply-helpers': [ '1.0.1' ],
70 silly audit   'call-bound': [ '1.0.3' ],
70 silly audit   callsites: [ '3.1.0' ],
70 silly audit   'camelcase-css': [ '2.0.1' ],
70 silly audit   'caniuse-lite': [ '1.0.30001688' ],
70 silly audit   chalk: [ '4.1.2' ],
70 silly audit   'client-only': [ '0.0.1' ],
70 silly audit   color: [ '4.2.3' ],
70 silly audit   'color-convert': [ '2.0.1' ],
70 silly audit   'color-name': [ '1.1.4' ],
70 silly audit   'color-string': [ '1.9.1' ],
70 silly audit   'concat-map': [ '0.0.1' ],
70 silly audit   'cross-spawn': [ '7.0.6' ],
70 silly audit   crypto: [ '1.0.1' ],
70 silly audit   'css-selector-tokenizer': [ '0.8.0' ],
70 silly audit   cssesc: [ '3.0.0' ],
70 silly audit   csstype: [ '3.1.3' ],
70 silly audit   culori: [ '3.3.0' ],
70 silly audit   daisyui: [ '4.12.23' ],
70 silly audit   'damerau-levenshtein': [ '1.0.8' ],
70 silly audit   'data-view-buffer': [ '1.0.1' ],
70 silly audit   'data-view-byte-length': [ '1.0.1' ],
70 silly audit   'data-view-byte-offset': [ '1.0.0' ],
70 silly audit   debug: [ '4.4.0', '3.2.7' ],
70 silly audit   'deep-is': [ '0.1.4' ],
70 silly audit   'define-data-property': [ '1.1.4' ],
70 silly audit   'define-properties': [ '1.2.1' ],
70 silly audit   'detect-libc': [ '2.0.3' ],
70 silly audit   doctrine: [ '2.1.0' ],
70 silly audit   'dunder-proto': [ '1.0.0' ],
70 silly audit   'emoji-regex': [ '9.2.2' ],
70 silly audit   'enhanced-resolve': [ '5.17.1' ],
70 silly audit   'es-abstract': [ '1.23.5' ],
70 silly audit   'es-define-property': [ '1.0.1' ],
70 silly audit   'es-errors': [ '1.3.0' ],
70 silly audit   'es-iterator-helpers': [ '1.2.0' ],
70 silly audit   'es-object-atoms': [ '1.0.0' ],
70 silly audit   'es-set-tostringtag': [ '2.0.3' ],
70 silly audit   'es-shim-unscopables': [ '1.0.2' ],
70 silly audit   'es-to-primitive': [ '1.3.0' ],
70 silly audit   'escape-string-regexp': [ '4.0.0' ],
70 silly audit   eslint: [ '9.17.0' ],
70 silly audit   'eslint-config-next': [ '15.1.0' ],
70 silly audit   'eslint-import-resolver-node': [ '0.3.9' ],
70 silly audit   'eslint-import-resolver-typescript': [ '3.7.0' ],
70 silly audit   'eslint-module-utils': [ '2.12.0' ],
70 silly audit   'eslint-plugin-import': [ '2.31.0' ],
70 silly audit   semver: [ '6.3.1', '7.6.3' ],
70 silly audit   'eslint-plugin-jsx-a11y': [ '6.10.2' ],
70 silly audit   'eslint-plugin-react': [ '7.37.2' ],
70 silly audit   'eslint-plugin-react-hooks': [ '5.1.0' ],
70 silly audit   resolve: [ '2.0.0-next.5', '1.22.9' ],
70 silly audit   'eslint-scope': [ '8.2.0' ],
70 silly audit   espree: [ '10.3.0' ],
70 silly audit   esquery: [ '1.6.0' ],
70 silly audit   esrecurse: [ '4.3.0' ],
70 silly audit   estraverse: [ '5.3.0' ],
70 silly audit   esutils: [ '2.0.3' ],
70 silly audit   'fast-deep-equal': [ '3.1.3' ],
70 silly audit   'fast-json-stable-stringify': [ '2.1.0' ],
70 silly audit   'fast-levenshtein': [ '2.0.6' ],
70 silly audit   fastparse: [ '1.1.2' ],
70 silly audit   fastq: [ '1.17.1' ],
70 silly audit   'file-entry-cache': [ '8.0.0' ],
70 silly audit   'fill-range': [ '7.1.1' ],
70 silly audit   'find-up': [ '5.0.0' ],
70 silly audit   'flat-cache': [ '4.0.1' ],
70 silly audit   flatted: [ '3.3.2' ],
70 silly audit   'for-each': [ '0.3.3' ],
70 silly audit   'function-bind': [ '1.1.2' ],
70 silly audit   'function.prototype.name': [ '1.1.7' ],
70 silly audit   'functions-have-names': [ '1.2.3' ],
70 silly audit   'get-intrinsic': [ '1.2.6' ],
70 silly audit   'get-symbol-description': [ '1.0.2' ],
70 silly audit   'get-tsconfig': [ '4.8.1' ],
70 silly audit   globals: [ '14.0.0' ],
70 silly audit   globalthis: [ '1.0.4' ],
70 silly audit   gopd: [ '1.2.0' ],
70 silly audit   'graceful-fs': [ '4.2.11' ],
70 silly audit   graphemer: [ '1.4.0' ],
70 silly audit   'has-bigints': [ '1.0.2' ],
70 silly audit   'has-flag': [ '4.0.0' ],
70 silly audit   'has-property-descriptors': [ '1.0.2' ],
70 silly audit   'has-proto': [ '1.2.0' ],
70 silly audit   'has-symbols': [ '1.1.0' ],
70 silly audit   'has-tostringtag': [ '1.0.2' ],
70 silly audit   hasown: [ '2.0.2' ],
70 silly audit   ignore: [ '5.3.2' ],
70 silly audit   'import-fresh': [ '3.3.0' ],
70 silly audit   imurmurhash: [ '0.1.4' ],
70 silly audit   'internal-slot': [ '1.1.0' ],
70 silly audit   'is-array-buffer': [ '3.0.4' ],
70 silly audit   'is-arrayish': [ '0.3.2' ],
70 silly audit   'is-async-function': [ '2.0.0' ],
70 silly audit   'is-bigint': [ '1.1.0' ],
70 silly audit   'is-boolean-object': [ '1.2.1' ],
70 silly audit   'is-buffer': [ '2.0.5' ],
70 silly audit   'is-bun-module': [ '1.3.0' ],
70 silly audit   'is-callable': [ '1.2.7' ],
70 silly audit   'is-core-module': [ '2.16.0' ],
70 silly audit   'is-data-view': [ '1.0.2' ],
70 silly audit   'is-date-object': [ '1.1.0' ],
70 silly audit   'is-extglob': [ '2.1.1' ],
70 silly audit   'is-finalizationregistry': [ '1.1.0' ],
70 silly audit   'is-generator-function': [ '1.0.10' ],
70 silly audit   'is-glob': [ '4.0.3' ],
70 silly audit   'is-map': [ '2.0.3' ],
70 silly audit   'is-negative-zero': [ '2.0.3' ],
70 silly audit   'is-node-process': [ '1.2.0' ],
70 silly audit   'is-number': [ '7.0.0' ],
70 silly audit   'is-number-object': [ '1.1.1' ],
70 silly audit   'is-regex': [ '1.2.1' ],
70 silly audit   'is-set': [ '2.0.3' ],
70 silly audit   'is-shared-array-buffer': [ '1.0.3' ],
70 silly audit   'is-string': [ '1.1.1' ],
70 silly audit   'is-symbol': [ '1.1.1' ],
70 silly audit   'is-typed-array': [ '1.1.13' ],
70 silly audit   'is-weakmap': [ '2.0.2' ],
70 silly audit   'is-weakref': [ '1.1.0' ],
70 silly audit   'is-weakset': [ '2.0.3' ],
70 silly audit   isarray: [ '2.0.5' ],
70 silly audit   isexe: [ '2.0.0' ],
70 silly audit   'iterator.prototype': [ '1.1.4' ],
70 silly audit   jiti: [ '1.21.6' ],
70 silly audit   'js-tokens': [ '4.0.0' ],
70 silly audit   'js-yaml': [ '4.1.0' ],
70 silly audit   'json-buffer': [ '3.0.1' ],
70 silly audit   'json-schema-traverse': [ '0.4.1' ],
70 silly audit   'json-stable-stringify-without-jsonify': [ '1.0.1' ],
70 silly audit   json5: [ '1.0.2' ],
70 silly audit   'jsx-ast-utils': [ '3.3.5' ],
70 silly audit   keyv: [ '4.5.4' ],
70 silly audit   'language-subtag-registry': [ '0.3.23' ],
70 silly audit   'language-tags': [ '1.0.9' ],
70 silly audit   levn: [ '0.4.1' ],
70 silly audit   'locate-path': [ '6.0.0' ],
70 silly audit   'lodash.merge': [ '4.6.2' ],
70 silly audit   'loose-envify': [ '1.4.0' ],
70 silly audit   'math-intrinsics': [ '1.0.0' ],
70 silly audit   merge2: [ '1.4.1' ],
70 silly audit   micromatch: [ '4.0.8' ],
70 silly audit   minimist: [ '1.2.8' ],
70 silly audit   ms: [ '2.1.3' ],
70 silly audit   nanoid: [ '3.3.8' ],
70 silly audit   'natural-compare': [ '1.4.0' ],
70 silly audit   next: [ '15.1.0' ],
70 silly audit   postcss: [ '8.4.31', '8.4.49' ],
70 silly audit   'object-assign': [ '4.1.1' ],
70 silly audit   'object-inspect': [ '1.13.3' ],
70 silly audit   'object-keys': [ '1.1.1' ],
70 silly audit   'object.assign': [ '4.1.5' ],
70 silly audit   'object.entries': [ '1.1.8' ],
70 silly audit   'object.fromentries': [ '2.0.8' ],
70 silly audit   'object.groupby': [ '1.0.3' ],
70 silly audit   'object.values': [ '1.2.0' ],
70 silly audit   optionator: [ '0.9.4' ],
70 silly audit   'p-limit': [ '3.1.0' ],
70 silly audit   'p-locate': [ '5.0.0' ],
70 silly audit   'parent-module': [ '1.0.1' ],
70 silly audit   'path-exists': [ '4.0.0' ],
70 silly audit   'path-key': [ '3.1.1' ],
70 silly audit   'path-parse': [ '1.0.7' ],
70 silly audit   picocolors: [ '1.1.1' ],
70 silly audit   picomatch: [ '2.3.1' ],
70 silly audit   'possible-typed-array-names': [ '1.0.0' ],
70 silly audit   'postcss-js': [ '4.0.1' ],
70 silly audit   'prelude-ls': [ '1.2.1' ],
70 silly audit   prettier: [ '3.4.2' ],
70 silly audit   'prop-types': [ '15.8.1' ],
70 silly audit   punycode: [ '2.3.1' ],
70 silly audit   'queue-microtask': [ '1.2.3' ],
70 silly audit   react: [ '19.0.0' ],
70 silly audit   'react-dom': [ '19.0.0' ],
70 silly audit   'react-is': [ '16.13.1' ],
70 silly audit   'reflect.getprototypeof': [ '1.0.8' ],
70 silly audit   'regexp.prototype.flags': [ '1.5.3' ],
70 silly audit   'resolve-from': [ '4.0.0' ],
70 silly audit   'resolve-pkg-maps': [ '1.0.0' ],
70 silly audit   retry: [ '0.13.1' ],
70 silly audit   reusify: [ '1.0.4' ],
70 silly audit   'run-parallel': [ '1.2.0' ],
70 silly audit   'safe-array-concat': [ '1.1.3' ],
70 silly audit   'safe-regex-test': [ '1.1.0' ],
70 silly audit   scheduler: [ '0.25.0' ],
70 silly audit   'set-function-length': [ '1.2.2' ],
70 silly audit   'set-function-name': [ '2.0.2' ],
70 silly audit   sharp: [ '0.33.5' ],
70 silly audit   'shebang-command': [ '2.0.0' ],
70 silly audit   'shebang-regex': [ '3.0.0' ],
70 silly audit   'side-channel': [ '1.1.0' ],
70 silly audit   'side-channel-list': [ '1.0.0' ],
70 silly audit   'side-channel-map': [ '1.0.1' ],
70 silly audit   'side-channel-weakmap': [ '1.0.2' ],
70 silly audit   'simple-swizzle': [ '0.2.2' ],
70 silly audit   'source-map-js': [ '1.2.1' ],
70 silly audit   'stable-hash': [ '0.0.4' ],
70 silly audit   streamsearch: [ '1.1.0' ],
70 silly audit   'string.prototype.includes': [ '2.0.1' ],
70 silly audit   'string.prototype.matchall': [ '4.0.11' ],
70 silly audit   'string.prototype.repeat': [ '1.0.0' ],
70 silly audit   'string.prototype.trim': [ '1.2.10' ],
70 silly audit   'string.prototype.trimend': [ '1.0.9' ],
70 silly audit   'string.prototype.trimstart': [ '1.0.8' ],
70 silly audit   'strip-bom': [ '3.0.0' ],
70 silly audit   'strip-json-comments': [ '3.1.1' ],
70 silly audit   'styled-jsx': [ '5.1.6' ],
70 silly audit   'supports-color': [ '7.2.0' ],
70 silly audit   'supports-preserve-symlinks-flag': [ '1.0.0' ],
70 silly audit   tapable: [ '2.2.1' ],
70 silly audit   throttleit: [ '2.1.0' ],
70 silly audit   'to-regex-range': [ '5.0.1' ],
70 silly audit   'ts-api-utils': [ '1.4.3' ],
70 silly audit   'tsconfig-paths': [ '3.15.0' ],
70 silly audit   tslib: [ '2.8.1' ],
70 silly audit   'type-check': [ '0.4.0' ],
70 silly audit   'typed-array-buffer': [ '1.0.2' ],
70 silly audit   'typed-array-byte-length': [ '1.0.1' ],
70 silly audit   'typed-array-byte-offset': [ '1.0.3' ],
70 silly audit   'typed-array-length': [ '1.0.7' ],
70 silly audit   typescript: [ '5.7.2' ],
70 silly audit   'unbox-primitive': [ '1.0.2' ],
70 silly audit   undici: [ '5.28.4' ],
70 silly audit   'undici-types': [ '6.19.8' ],
70 silly audit   'uri-js': [ '4.4.1' ],
70 silly audit   which: [ '2.0.2' ],
70 silly audit   'which-boxed-primitive': [ '1.1.0' ],
70 silly audit   'which-builtin-type': [ '1.2.1' ],
70 silly audit   'which-collection': [ '1.0.2' ],
70 silly audit   'which-typed-array': [ '1.1.16' ],
70 silly audit   'word-wrap': [ '1.2.5' ],
70 silly audit   'yocto-queue': [ '0.1.0' ]
70 silly audit }
71 verbose reify failed optional dependency C:\Users\3d3n2\pentagram\node_modules\@next\swc-win32-arm64-msvc
72 silly reify mark deleted [
72 silly reify   'C:\\Users\\3d3n2\\pentagram\\node_modules\\@next\\swc-win32-arm64-msvc'
72 silly reify ]
73 verbose reify failed optional dependency C:\Users\3d3n2\pentagram\node_modules\@next\swc-linux-x64-musl
74 silly reify mark deleted [
74 silly reify   'C:\\Users\\3d3n2\\pentagram\\node_modules\\@next\\swc-linux-x64-musl'
74 silly reify ]
75 verbose reify failed optional dependency C:\Users\3d3n2\pentagram\node_modules\@next\swc-linux-x64-gnu
76 silly reify mark deleted [
76 silly reify   'C:\\Users\\3d3n2\\pentagram\\node_modules\\@next\\swc-linux-x64-gnu'
76 silly reify ]
77 verbose reify failed optional dependency C:\Users\3d3n2\pentagram\node_modules\@next\swc-linux-arm64-musl
78 silly reify mark deleted [
78 silly reify   'C:\\Users\\3d3n2\\pentagram\\node_modules\\@next\\swc-linux-arm64-musl'
78 silly reify ]
79 verbose reify failed optional dependency C:\Users\3d3n2\pentagram\node_modules\@next\swc-linux-arm64-gnu
80 silly reify mark deleted [
80 silly reify   'C:\\Users\\3d3n2\\pentagram\\node_modules\\@next\\swc-linux-arm64-gnu'
80 silly reify ]
81 verbose reify failed optional dependency C:\Users\3d3n2\pentagram\node_modules\@next\swc-darwin-x64
82 silly reify mark deleted [ 'C:\\Users\\3d3n2\\pentagram\\node_modules\\@next\\swc-darwin-x64' ]
83 verbose reify failed optional dependency C:\Users\3d3n2\pentagram\node_modules\@next\swc-darwin-arm64
84 silly reify mark deleted [
84 silly reify   'C:\\Users\\3d3n2\\pentagram\\node_modules\\@next\\swc-darwin-arm64'
84 silly reify ]
85 verbose reify failed optional dependency C:\Users\3d3n2\pentagram\node_modules\@img\sharp-win32-ia32
86 silly reify mark deleted [ 'C:\\Users\\3d3n2\\pentagram\\node_modules\\@img\\sharp-win32-ia32' ]
87 verbose reify failed optional dependency C:\Users\3d3n2\pentagram\node_modules\@img\sharp-wasm32
88 silly reify mark deleted [ 'C:\\Users\\3d3n2\\pentagram\\node_modules\\@img\\sharp-wasm32' ]
89 verbose reify failed optional dependency C:\Users\3d3n2\pentagram\node_modules\@emnapi\runtime
90 silly reify mark deleted [ 'C:\\Users\\3d3n2\\pentagram\\node_modules\\@emnapi\\runtime' ]
91 verbose reify failed optional dependency C:\Users\3d3n2\pentagram\node_modules\@img\sharp-linuxmusl-x64
92 silly reify mark deleted [
92 silly reify   'C:\\Users\\3d3n2\\pentagram\\node_modules\\@img\\sharp-linuxmusl-x64'
92 silly reify ]
93 verbose reify failed optional dependency C:\Users\3d3n2\pentagram\node_modules\@img\sharp-linuxmusl-arm64
94 silly reify mark deleted [
94 silly reify   'C:\\Users\\3d3n2\\pentagram\\node_modules\\@img\\sharp-linuxmusl-arm64'
94 silly reify ]
95 verbose reify failed optional dependency C:\Users\3d3n2\pentagram\node_modules\@img\sharp-linux-x64
96 silly reify mark deleted [ 'C:\\Users\\3d3n2\\pentagram\\node_modules\\@img\\sharp-linux-x64' ]
97 verbose reify failed optional dependency C:\Users\3d3n2\pentagram\node_modules\@img\sharp-linux-s390x
98 silly reify mark deleted [
98 silly reify   'C:\\Users\\3d3n2\\pentagram\\node_modules\\@img\\sharp-linux-s390x'
98 silly reify ]
99 verbose reify failed optional dependency C:\Users\3d3n2\pentagram\node_modules\@img\sharp-linux-arm64
100 silly reify mark deleted [
100 silly reify   'C:\\Users\\3d3n2\\pentagram\\node_modules\\@img\\sharp-linux-arm64'
100 silly reify ]
101 verbose reify failed optional dependency C:\Users\3d3n2\pentagram\node_modules\@img\sharp-linux-arm
102 silly reify mark deleted [ 'C:\\Users\\3d3n2\\pentagram\\node_modules\\@img\\sharp-linux-arm' ]
103 verbose reify failed optional dependency C:\Users\3d3n2\pentagram\node_modules\@img\sharp-libvips-linuxmusl-x64
104 silly reify mark deleted [
104 silly reify   'C:\\Users\\3d3n2\\pentagram\\node_modules\\@img\\sharp-libvips-linuxmusl-x64'
104 silly reify ]
105 verbose reify failed optional dependency C:\Users\3d3n2\pentagram\node_modules\@img\sharp-libvips-linuxmusl-arm64
106 silly reify mark deleted [
106 silly reify   'C:\\Users\\3d3n2\\pentagram\\node_modules\\@img\\sharp-libvips-linuxmusl-arm64'
106 silly reify ]
107 verbose reify failed optional dependency C:\Users\3d3n2\pentagram\node_modules\@img\sharp-libvips-linux-x64
108 silly reify mark deleted [
108 silly reify   'C:\\Users\\3d3n2\\pentagram\\node_modules\\@img\\sharp-libvips-linux-x64'
108 silly reify ]
109 verbose reify failed optional dependency C:\Users\3d3n2\pentagram\node_modules\@img\sharp-libvips-linux-s390x
110 silly reify mark deleted [
110 silly reify   'C:\\Users\\3d3n2\\pentagram\\node_modules\\@img\\sharp-libvips-linux-s390x'
110 silly reify ]
111 verbose reify failed optional dependency C:\Users\3d3n2\pentagram\node_modules\@img\sharp-libvips-linux-arm64
112 silly reify mark deleted [
112 silly reify   'C:\\Users\\3d3n2\\pentagram\\node_modules\\@img\\sharp-libvips-linux-arm64'
112 silly reify ]
113 verbose reify failed optional dependency C:\Users\3d3n2\pentagram\node_modules\@img\sharp-libvips-linux-arm
114 silly reify mark deleted [
114 silly reify   'C:\\Users\\3d3n2\\pentagram\\node_modules\\@img\\sharp-libvips-linux-arm'
114 silly reify ]
115 verbose reify failed optional dependency C:\Users\3d3n2\pentagram\node_modules\@img\sharp-libvips-darwin-x64
116 silly reify mark deleted [
116 silly reify   'C:\\Users\\3d3n2\\pentagram\\node_modules\\@img\\sharp-libvips-darwin-x64'
116 silly reify ]
117 verbose reify failed optional dependency C:\Users\3d3n2\pentagram\node_modules\@img\sharp-libvips-darwin-arm64
118 silly reify mark deleted [
118 silly reify   'C:\\Users\\3d3n2\\pentagram\\node_modules\\@img\\sharp-libvips-darwin-arm64'
118 silly reify ]
119 verbose reify failed optional dependency C:\Users\3d3n2\pentagram\node_modules\@img\sharp-darwin-x64
120 silly reify mark deleted [ 'C:\\Users\\3d3n2\\pentagram\\node_modules\\@img\\sharp-darwin-x64' ]
121 verbose reify failed optional dependency C:\Users\3d3n2\pentagram\node_modules\@img\sharp-darwin-arm64
122 silly reify mark deleted [
122 silly reify   'C:\\Users\\3d3n2\\pentagram\\node_modules\\@img\\sharp-darwin-arm64'
122 silly reify ]
123 http fetch POST 200 https://registry.npmjs.org/-/npm/v1/security/advisories/bulk 314ms
124 silly audit report {}
125 silly ADD
126 silly ADD
127 silly ADD
128 silly ADD
129 silly ADD
130 silly ADD
131 silly ADD
132 silly ADD
133 silly ADD
134 silly ADD
135 silly ADD
136 silly ADD
137 silly ADD
138 silly ADD
139 silly ADD
140 silly ADD
141 silly ADD
142 silly ADD
143 silly ADD
144 silly ADD
145 silly ADD
146 silly ADD
147 silly ADD
148 silly ADD
149 silly ADD
150 silly ADD
151 silly REMOVE node_modules/yaml
152 silly REMOVE node_modules/wrap-ansi-cjs
153 silly REMOVE node_modules/wrap-ansi-cjs/node_modules/strip-ansi
154 silly REMOVE node_modules/wrap-ansi-cjs/node_modules/string-width
155 silly REMOVE node_modules/wrap-ansi-cjs/node_modules/emoji-regex
156 silly REMOVE node_modules/wrap-ansi-cjs/node_modules/ansi-regex
157 silly REMOVE node_modules/wrap-ansi
158 silly REMOVE node_modules/wrap-ansi/node_modules/ansi-styles
159 silly REMOVE node_modules/util-deprecate
160 silly REMOVE node_modules/ts-interface-checker
161 silly REMOVE node_modules/thenify-all
162 silly REMOVE node_modules/thenify
163 silly REMOVE node_modules/tailwindcss
164 silly REMOVE node_modules/tailwindcss/node_modules/fast-glob
165 silly REMOVE node_modules/tailwindcss/node_modules/fast-glob/node_modules/glob-parent
166 silly REMOVE node_modules/sucrase
167 silly REMOVE node_modules/strip-ansi-cjs
168 silly REMOVE node_modules/strip-ansi-cjs/node_modules/ansi-regex
169 silly REMOVE node_modules/strip-ansi
170 silly REMOVE node_modules/string-width-cjs
171 silly REMOVE node_modules/string-width-cjs/node_modules/strip-ansi
172 silly REMOVE node_modules/string-width-cjs/node_modules/emoji-regex
173 silly REMOVE node_modules/string-width-cjs/node_modules/ansi-regex
174 silly REMOVE node_modules/string-width
175 silly REMOVE node_modules/signal-exit
176 silly REMOVE node_modules/readdirp
177 silly REMOVE node_modules/read-cache
178 silly REMOVE node_modules/postcss-value-parser
179 silly REMOVE node_modules/postcss-selector-parser
180 silly REMOVE node_modules/postcss-nested
181 silly REMOVE node_modules/postcss-load-config
182 silly REMOVE node_modules/postcss-import
183 silly REMOVE node_modules/pirates
184 silly REMOVE node_modules/pify
185 silly REMOVE node_modules/path-scurry
186 silly REMOVE node_modules/package-json-from-dist
187 silly REMOVE node_modules/object-hash
188 silly REMOVE node_modules/normalize-path
189 silly REMOVE node_modules/mz
190 silly REMOVE node_modules/minipass
191 silly REMOVE node_modules/lru-cache
192 silly REMOVE node_modules/lines-and-columns
193 silly REMOVE node_modules/lilconfig
194 silly REMOVE node_modules/jackspeak
195 silly REMOVE node_modules/is-fullwidth-code-point
196 silly REMOVE node_modules/is-binary-path
197 silly REMOVE node_modules/glob
198 silly REMOVE node_modules/glob/node_modules/minimatch
199 silly REMOVE node_modules/glob/node_modules/brace-expansion
200 silly REMOVE node_modules/foreground-child
201 silly REMOVE node_modules/eastasianwidth
202 silly REMOVE node_modules/dlv
203 silly REMOVE node_modules/didyoumean
204 silly REMOVE node_modules/commander
205 silly REMOVE node_modules/chokidar
206 silly REMOVE node_modules/chokidar/node_modules/glob-parent
207 silly REMOVE node_modules/binary-extensions
208 silly REMOVE node_modules/arg
209 silly REMOVE node_modules/anymatch
210 silly REMOVE node_modules/any-promise
211 silly REMOVE node_modules/ansi-regex
212 silly REMOVE node_modules/@pkgjs/parseargs
213 silly REMOVE node_modules/@jridgewell/trace-mapping
214 silly REMOVE node_modules/@jridgewell/sourcemap-codec
215 silly REMOVE node_modules/@jridgewell/set-array
216 silly REMOVE node_modules/@jridgewell/resolve-uri
217 silly REMOVE node_modules/@jridgewell/gen-mapping
218 silly REMOVE node_modules/@isaacs/cliui
219 silly REMOVE node_modules/@alloc/quick-lru
220 verbose cwd C:\Users\3d3n2\pentagram
221 verbose os Windows_NT 10.0.22631
222 verbose node v22.11.0
223 verbose npm  v10.9.0
224 verbose exit 0
225 info ok
